spots read      : 37,368,054
reads read      : 74,736,108
reads written   : 74,736,108
spots read      : 38,466,404
reads read      : 76,932,808
reads written   : 76,932,808
spots read      : 33,442,096
reads read      : 66,884,192
reads written   : 66,884,192
spots read      : 37,834,524
reads read      : 75,669,048
reads written   : 75,669,048
spots read      : 35,248,983
reads read      : 70,497,966
reads written   : 70,497,966
spots read      : 40,213,075
reads read      : 80,426,150
reads written   : 80,426,150
spots read      : 16,731,620
reads read      : 33,463,240
reads written   : 33,463,240
spots read      : 41,943,492
reads read      : 83,886,984
reads written   : 83,886,984
spots read      : 16,978,025
reads read      : 33,956,050
reads written   : 33,956,050
spots read      : 33,018,451
reads read      : 66,036,902
reads written   : 66,036,902
spots read      : 36,782,141
reads read      : 73,564,282
reads written   : 73,564,282
spots read      : 44,758,042
reads read      : 89,516,084
reads written   : 89,516,084
spots read      : 32,578,336
reads read      : 65,156,672
reads written   : 65,156,672
spots read      : 35,117,444
reads read      : 70,234,888
reads written   : 70,234,888
spots read      : 36,892,816
reads read      : 73,785,632
reads written   : 73,785,632
spots read      : 41,402,074
reads read      : 82,804,148
reads written   : 82,804,148
spots read      : 36,683,001
reads read      : 73,366,002
reads written   : 73,366,002
spots read      : 45,086,117
reads read      : 90,172,234
reads written   : 90,172,234
spots read      : 16,529,934
reads read      : 33,059,868
reads written   : 33,059,868
spots read      : 28,345,321
reads read      : 56,690,642
reads written   : 56,690,642
spots read      : 13,105,535
reads read      : 26,211,070
reads written   : 26,211,070
spots read      : 35,209,139
reads read      : 70,418,278
reads written   : 70,418,278
spots read      : 26,342,122
reads read      : 52,684,244
reads written   : 52,684,244
spots read      : 46,627,373
reads read      : 93,254,746
reads written   : 93,254,746
spots read      : 38,433,373
reads read      : 76,866,746
reads written   : 76,866,746
spots read      : 51,634,914
reads read      : 103,269,828
reads written   : 103,269,828
spots read      : 19,063,730
reads read      : 38,127,460
reads written   : 38,127,460
spots read      : 38,839,362
reads read      : 77,678,724
reads written   : 77,678,724
spots read      : 46,874,383
reads read      : 93,748,766
reads written   : 93,748,766
spots read      : 14,977,661
reads read      : 29,955,322
reads written   : 29,955,322
spots read      : 36,809,248
reads read      : 73,618,496
reads written   : 73,618,496
spots read      : 46,515,111
reads read      : 93,030,222
reads written   : 93,030,222
spots read      : 17,042,245
reads read      : 34,084,490
reads written   : 34,084,490
