Started analysis of DRR049635.fastq
Approx 5% complete for DRR049635.fastq
Approx 10% complete for DRR049635.fastq
Approx 15% complete for DRR049635.fastq
Approx 20% complete for DRR049635.fastq
Approx 25% complete for DRR049635.fastq
Approx 30% complete for DRR049635.fastq
Approx 35% complete for DRR049635.fastq
Approx 40% complete for DRR049635.fastq
Approx 45% complete for DRR049635.fastq
Approx 50% complete for DRR049635.fastq
Approx 55% complete for DRR049635.fastq
Approx 60% complete for DRR049635.fastq
Approx 65% complete for DRR049635.fastq
Approx 70% complete for DRR049635.fastq
Approx 75% complete for DRR049635.fastq
Approx 80% complete for DRR049635.fastq
Approx 85% complete for DRR049635.fastq
Approx 90% complete for DRR049635.fastq
Approx 95% complete for DRR049635.fastq
Started analysis of DRR049636.fastq
Approx 5% complete for DRR049636.fastq
Approx 10% complete for DRR049636.fastq
Approx 15% complete for DRR049636.fastq
Approx 20% complete for DRR049636.fastq
Approx 25% complete for DRR049636.fastq
Approx 30% complete for DRR049636.fastq
Approx 35% complete for DRR049636.fastq
Approx 40% complete for DRR049636.fastq
Approx 45% complete for DRR049636.fastq
Approx 50% complete for DRR049636.fastq
Approx 55% complete for DRR049636.fastq
Approx 60% complete for DRR049636.fastq
Approx 65% complete for DRR049636.fastq
Approx 70% complete for DRR049636.fastq
Approx 75% complete for DRR049636.fastq
Approx 80% complete for DRR049636.fastq
Approx 85% complete for DRR049636.fastq
Approx 90% complete for DRR049636.fastq
Approx 95% complete for DRR049636.fastq
Started analysis of DRR049637.fastq
Approx 5% complete for DRR049637.fastq
Approx 10% complete for DRR049637.fastq
Approx 15% complete for DRR049637.fastq
Approx 20% complete for DRR049637.fastq
Approx 25% complete for DRR049637.fastq
Approx 30% complete for DRR049637.fastq
Approx 35% complete for DRR049637.fastq
Approx 40% complete for DRR049637.fastq
Approx 45% complete for DRR049637.fastq
Approx 50% complete for DRR049637.fastq
Approx 55% complete for DRR049637.fastq
Approx 60% complete for DRR049637.fastq
Approx 65% complete for DRR049637.fastq
Approx 70% complete for DRR049637.fastq
Approx 75% complete for DRR049637.fastq
Approx 80% complete for DRR049637.fastq
Approx 85% complete for DRR049637.fastq
Approx 90% complete for DRR049637.fastq
Approx 95% complete for DRR049637.fastq
Started analysis of DRR049638.fastq
Approx 5% complete for DRR049638.fastq
Approx 10% complete for DRR049638.fastq
Approx 15% complete for DRR049638.fastq
Approx 20% complete for DRR049638.fastq
Approx 25% complete for DRR049638.fastq
Approx 30% complete for DRR049638.fastq
Approx 35% complete for DRR049638.fastq
Approx 40% complete for DRR049638.fastq
Approx 45% complete for DRR049638.fastq
Approx 50% complete for DRR049638.fastq
Approx 55% complete for DRR049638.fastq
Approx 60% complete for DRR049638.fastq
Approx 65% complete for DRR049638.fastq
Approx 70% complete for DRR049638.fastq
Approx 75% complete for DRR049638.fastq
Approx 80% complete for DRR049638.fastq
Approx 85% complete for DRR049638.fastq
Approx 90% complete for DRR049638.fastq
Approx 95% complete for DRR049638.fastq
Started analysis of DRR049639.fastq
Approx 5% complete for DRR049639.fastq
Approx 10% complete for DRR049639.fastq
Approx 15% complete for DRR049639.fastq
Approx 20% complete for DRR049639.fastq
Approx 25% complete for DRR049639.fastq
Approx 30% complete for DRR049639.fastq
Approx 35% complete for DRR049639.fastq
Approx 40% complete for DRR049639.fastq
Approx 45% complete for DRR049639.fastq
Approx 50% complete for DRR049639.fastq
Approx 55% complete for DRR049639.fastq
Approx 60% complete for DRR049639.fastq
Approx 65% complete for DRR049639.fastq
Approx 70% complete for DRR049639.fastq
Approx 75% complete for DRR049639.fastq
Approx 80% complete for DRR049639.fastq
Approx 85% complete for DRR049639.fastq
Approx 90% complete for DRR049639.fastq
Approx 95% complete for DRR049639.fastq
Started analysis of DRR049640.fastq
Approx 5% complete for DRR049640.fastq
Approx 10% complete for DRR049640.fastq
Approx 15% complete for DRR049640.fastq
Approx 20% complete for DRR049640.fastq
Approx 25% complete for DRR049640.fastq
Approx 30% complete for DRR049640.fastq
Approx 35% complete for DRR049640.fastq
Approx 40% complete for DRR049640.fastq
Approx 45% complete for DRR049640.fastq
Approx 50% complete for DRR049640.fastq
Approx 55% complete for DRR049640.fastq
Approx 60% complete for DRR049640.fastq
Approx 65% complete for DRR049640.fastq
Approx 70% complete for DRR049640.fastq
Approx 75% complete for DRR049640.fastq
Approx 80% complete for DRR049640.fastq
Approx 85% complete for DRR049640.fastq
Approx 90% complete for DRR049640.fastq
Approx 95% complete for DRR049640.fastq
Started analysis of DRR049641.fastq
Approx 5% complete for DRR049641.fastq
Approx 10% complete for DRR049641.fastq
Approx 15% complete for DRR049641.fastq
Approx 20% complete for DRR049641.fastq
Approx 25% complete for DRR049641.fastq
Approx 30% complete for DRR049641.fastq
Approx 35% complete for DRR049641.fastq
Approx 40% complete for DRR049641.fastq
Approx 45% complete for DRR049641.fastq
Approx 50% complete for DRR049641.fastq
Approx 55% complete for DRR049641.fastq
Approx 60% complete for DRR049641.fastq
Approx 65% complete for DRR049641.fastq
Approx 70% complete for DRR049641.fastq
Approx 75% complete for DRR049641.fastq
Approx 80% complete for DRR049641.fastq
Approx 85% complete for DRR049641.fastq
Approx 90% complete for DRR049641.fastq
Approx 95% complete for DRR049641.fastq
Started analysis of DRR049642.fastq
Approx 5% complete for DRR049642.fastq
Approx 10% complete for DRR049642.fastq
Approx 15% complete for DRR049642.fastq
Approx 20% complete for DRR049642.fastq
Approx 25% complete for DRR049642.fastq
Approx 30% complete for DRR049642.fastq
Approx 35% complete for DRR049642.fastq
Approx 40% complete for DRR049642.fastq
Approx 45% complete for DRR049642.fastq
Approx 50% complete for DRR049642.fastq
Approx 55% complete for DRR049642.fastq
Approx 60% complete for DRR049642.fastq
Approx 65% complete for DRR049642.fastq
Approx 70% complete for DRR049642.fastq
Approx 75% complete for DRR049642.fastq
Approx 80% complete for DRR049642.fastq
Approx 85% complete for DRR049642.fastq
Approx 90% complete for DRR049642.fastq
Approx 95% complete for DRR049642.fastq
Started analysis of DRR049643.fastq
Approx 5% complete for DRR049643.fastq
Approx 10% complete for DRR049643.fastq
Approx 15% complete for DRR049643.fastq
Approx 20% complete for DRR049643.fastq
Approx 25% complete for DRR049643.fastq
Approx 30% complete for DRR049643.fastq
Approx 35% complete for DRR049643.fastq
Approx 40% complete for DRR049643.fastq
Approx 45% complete for DRR049643.fastq
Approx 50% complete for DRR049643.fastq
Approx 55% complete for DRR049643.fastq
Approx 60% complete for DRR049643.fastq
Approx 65% complete for DRR049643.fastq
Approx 70% complete for DRR049643.fastq
Approx 75% complete for DRR049643.fastq
Approx 80% complete for DRR049643.fastq
Approx 85% complete for DRR049643.fastq
Approx 90% complete for DRR049643.fastq
Approx 95% complete for DRR049643.fastq
Started analysis of DRR049644.fastq
Approx 5% complete for DRR049644.fastq
Approx 10% complete for DRR049644.fastq
Approx 15% complete for DRR049644.fastq
Approx 20% complete for DRR049644.fastq
Approx 25% complete for DRR049644.fastq
Approx 30% complete for DRR049644.fastq
Approx 35% complete for DRR049644.fastq
Approx 40% complete for DRR049644.fastq
Approx 45% complete for DRR049644.fastq
Approx 50% complete for DRR049644.fastq
Approx 55% complete for DRR049644.fastq
Approx 60% complete for DRR049644.fastq
Approx 65% complete for DRR049644.fastq
Approx 70% complete for DRR049644.fastq
Approx 75% complete for DRR049644.fastq
Approx 80% complete for DRR049644.fastq
Approx 85% complete for DRR049644.fastq
Approx 90% complete for DRR049644.fastq
Approx 95% complete for DRR049644.fastq
Started analysis of DRR049645.fastq
Approx 5% complete for DRR049645.fastq
Approx 10% complete for DRR049645.fastq
Approx 15% complete for DRR049645.fastq
Approx 20% complete for DRR049645.fastq
Approx 25% complete for DRR049645.fastq
Approx 30% complete for DRR049645.fastq
Approx 35% complete for DRR049645.fastq
Approx 40% complete for DRR049645.fastq
Approx 45% complete for DRR049645.fastq
Approx 50% complete for DRR049645.fastq
Approx 55% complete for DRR049645.fastq
Approx 60% complete for DRR049645.fastq
Approx 65% complete for DRR049645.fastq
Approx 70% complete for DRR049645.fastq
Approx 75% complete for DRR049645.fastq
Approx 80% complete for DRR049645.fastq
Approx 85% complete for DRR049645.fastq
Approx 90% complete for DRR049645.fastq
Approx 95% complete for DRR049645.fastq
Started analysis of DRR049646.fastq
Approx 5% complete for DRR049646.fastq
Approx 10% complete for DRR049646.fastq
Approx 15% complete for DRR049646.fastq
Approx 20% complete for DRR049646.fastq
Approx 25% complete for DRR049646.fastq
Approx 30% complete for DRR049646.fastq
Approx 35% complete for DRR049646.fastq
Approx 40% complete for DRR049646.fastq
Approx 45% complete for DRR049646.fastq
Approx 50% complete for DRR049646.fastq
Approx 55% complete for DRR049646.fastq
Approx 60% complete for DRR049646.fastq
Approx 65% complete for DRR049646.fastq
Approx 70% complete for DRR049646.fastq
Approx 75% complete for DRR049646.fastq
Approx 80% complete for DRR049646.fastq
Approx 85% complete for DRR049646.fastq
Approx 90% complete for DRR049646.fastq
Approx 95% complete for DRR049646.fastq
Started analysis of DRR049647.fastq
Approx 5% complete for DRR049647.fastq
Approx 10% complete for DRR049647.fastq
Approx 15% complete for DRR049647.fastq
Approx 20% complete for DRR049647.fastq
Approx 25% complete for DRR049647.fastq
Approx 30% complete for DRR049647.fastq
Approx 35% complete for DRR049647.fastq
Approx 40% complete for DRR049647.fastq
Approx 45% complete for DRR049647.fastq
Approx 50% complete for DRR049647.fastq
Approx 55% complete for DRR049647.fastq
Approx 60% complete for DRR049647.fastq
Approx 65% complete for DRR049647.fastq
Approx 70% complete for DRR049647.fastq
Approx 75% complete for DRR049647.fastq
Approx 80% complete for DRR049647.fastq
Approx 85% complete for DRR049647.fastq
Approx 90% complete for DRR049647.fastq
Approx 95% complete for DRR049647.fastq
Started analysis of DRR049648.fastq
Approx 5% complete for DRR049648.fastq
Approx 10% complete for DRR049648.fastq
Approx 15% complete for DRR049648.fastq
Approx 20% complete for DRR049648.fastq
Approx 25% complete for DRR049648.fastq
Approx 30% complete for DRR049648.fastq
Approx 35% complete for DRR049648.fastq
Approx 40% complete for DRR049648.fastq
Approx 45% complete for DRR049648.fastq
Approx 50% complete for DRR049648.fastq
Approx 55% complete for DRR049648.fastq
Approx 60% complete for DRR049648.fastq
Approx 65% complete for DRR049648.fastq
Approx 70% complete for DRR049648.fastq
Approx 75% complete for DRR049648.fastq
Approx 80% complete for DRR049648.fastq
Approx 85% complete for DRR049648.fastq
Approx 90% complete for DRR049648.fastq
Approx 95% complete for DRR049648.fastq
Approx 100% complete for DRR049648.fastq
Started analysis of DRR049649.fastq
Approx 5% complete for DRR049649.fastq
Approx 10% complete for DRR049649.fastq
Approx 15% complete for DRR049649.fastq
Approx 20% complete for DRR049649.fastq
Approx 25% complete for DRR049649.fastq
Approx 30% complete for DRR049649.fastq
Approx 35% complete for DRR049649.fastq
Approx 40% complete for DRR049649.fastq
Approx 45% complete for DRR049649.fastq
Approx 50% complete for DRR049649.fastq
Approx 55% complete for DRR049649.fastq
Approx 60% complete for DRR049649.fastq
Approx 65% complete for DRR049649.fastq
Approx 70% complete for DRR049649.fastq
Approx 75% complete for DRR049649.fastq
Approx 80% complete for DRR049649.fastq
Approx 85% complete for DRR049649.fastq
Approx 90% complete for DRR049649.fastq
Approx 95% complete for DRR049649.fastq
Started analysis of DRR049650.fastq
Approx 5% complete for DRR049650.fastq
Approx 10% complete for DRR049650.fastq
Approx 15% complete for DRR049650.fastq
Approx 20% complete for DRR049650.fastq
Approx 25% complete for DRR049650.fastq
Approx 30% complete for DRR049650.fastq
Approx 35% complete for DRR049650.fastq
Approx 40% complete for DRR049650.fastq
Approx 45% complete for DRR049650.fastq
Approx 50% complete for DRR049650.fastq
Approx 55% complete for DRR049650.fastq
Approx 60% complete for DRR049650.fastq
Approx 65% complete for DRR049650.fastq
Approx 70% complete for DRR049650.fastq
Approx 75% complete for DRR049650.fastq
Approx 80% complete for DRR049650.fastq
Approx 85% complete for DRR049650.fastq
Approx 90% complete for DRR049650.fastq
Approx 95% complete for DRR049650.fastq
Started analysis of DRR049651.fastq
Approx 5% complete for DRR049651.fastq
Approx 10% complete for DRR049651.fastq
Approx 15% complete for DRR049651.fastq
Approx 20% complete for DRR049651.fastq
Approx 25% complete for DRR049651.fastq
Approx 30% complete for DRR049651.fastq
Approx 35% complete for DRR049651.fastq
Approx 40% complete for DRR049651.fastq
Approx 45% complete for DRR049651.fastq
Approx 50% complete for DRR049651.fastq
Approx 55% complete for DRR049651.fastq
Approx 60% complete for DRR049651.fastq
Approx 65% complete for DRR049651.fastq
Approx 70% complete for DRR049651.fastq
Approx 75% complete for DRR049651.fastq
Approx 80% complete for DRR049651.fastq
Approx 85% complete for DRR049651.fastq
Approx 90% complete for DRR049651.fastq
Approx 95% complete for DRR049651.fastq
Started analysis of DRR049652.fastq
Approx 5% complete for DRR049652.fastq
Approx 10% complete for DRR049652.fastq
Approx 15% complete for DRR049652.fastq
Approx 20% complete for DRR049652.fastq
Approx 25% complete for DRR049652.fastq
Approx 30% complete for DRR049652.fastq
Approx 35% complete for DRR049652.fastq
Approx 40% complete for DRR049652.fastq
Approx 45% complete for DRR049652.fastq
Approx 50% complete for DRR049652.fastq
Approx 55% complete for DRR049652.fastq
Approx 60% complete for DRR049652.fastq
Approx 65% complete for DRR049652.fastq
Approx 70% complete for DRR049652.fastq
Approx 75% complete for DRR049652.fastq
Approx 80% complete for DRR049652.fastq
Approx 85% complete for DRR049652.fastq
Approx 90% complete for DRR049652.fastq
Approx 95% complete for DRR049652.fastq
Started analysis of DRR049653.fastq
Approx 5% complete for DRR049653.fastq
Approx 10% complete for DRR049653.fastq
Approx 15% complete for DRR049653.fastq
Approx 20% complete for DRR049653.fastq
Approx 25% complete for DRR049653.fastq
Approx 30% complete for DRR049653.fastq
Approx 35% complete for DRR049653.fastq
Approx 40% complete for DRR049653.fastq
Approx 45% complete for DRR049653.fastq
Approx 50% complete for DRR049653.fastq
Approx 55% complete for DRR049653.fastq
Approx 60% complete for DRR049653.fastq
Approx 65% complete for DRR049653.fastq
Approx 70% complete for DRR049653.fastq
Approx 75% complete for DRR049653.fastq
Approx 80% complete for DRR049653.fastq
Approx 85% complete for DRR049653.fastq
Approx 90% complete for DRR049653.fastq
Approx 95% complete for DRR049653.fastq
Started analysis of DRR049654.fastq
Approx 5% complete for DRR049654.fastq
Approx 10% complete for DRR049654.fastq
Approx 15% complete for DRR049654.fastq
Approx 20% complete for DRR049654.fastq
Approx 25% complete for DRR049654.fastq
Approx 30% complete for DRR049654.fastq
Approx 35% complete for DRR049654.fastq
Approx 40% complete for DRR049654.fastq
Approx 45% complete for DRR049654.fastq
Approx 50% complete for DRR049654.fastq
Approx 55% complete for DRR049654.fastq
Approx 60% complete for DRR049654.fastq
Approx 65% complete for DRR049654.fastq
Approx 70% complete for DRR049654.fastq
Approx 75% complete for DRR049654.fastq
Approx 80% complete for DRR049654.fastq
Approx 85% complete for DRR049654.fastq
Approx 90% complete for DRR049654.fastq
Approx 95% complete for DRR049654.fastq
Started analysis of DRR049655.fastq
Approx 5% complete for DRR049655.fastq
Approx 10% complete for DRR049655.fastq
Approx 15% complete for DRR049655.fastq
Approx 20% complete for DRR049655.fastq
Approx 25% complete for DRR049655.fastq
Approx 30% complete for DRR049655.fastq
Approx 35% complete for DRR049655.fastq
Approx 40% complete for DRR049655.fastq
Approx 45% complete for DRR049655.fastq
Approx 50% complete for DRR049655.fastq
Approx 55% complete for DRR049655.fastq
Approx 60% complete for DRR049655.fastq
Approx 65% complete for DRR049655.fastq
Approx 70% complete for DRR049655.fastq
Approx 75% complete for DRR049655.fastq
Approx 80% complete for DRR049655.fastq
Approx 85% complete for DRR049655.fastq
Approx 90% complete for DRR049655.fastq
Approx 95% complete for DRR049655.fastq
Started analysis of DRR049656.fastq
Approx 5% complete for DRR049656.fastq
Approx 10% complete for DRR049656.fastq
Approx 15% complete for DRR049656.fastq
Approx 20% complete for DRR049656.fastq
Approx 25% complete for DRR049656.fastq
Approx 30% complete for DRR049656.fastq
Approx 35% complete for DRR049656.fastq
Approx 40% complete for DRR049656.fastq
Approx 45% complete for DRR049656.fastq
Approx 50% complete for DRR049656.fastq
Approx 55% complete for DRR049656.fastq
Approx 60% complete for DRR049656.fastq
Approx 65% complete for DRR049656.fastq
Approx 70% complete for DRR049656.fastq
Approx 75% complete for DRR049656.fastq
Approx 80% complete for DRR049656.fastq
Approx 85% complete for DRR049656.fastq
Approx 90% complete for DRR049656.fastq
Approx 95% complete for DRR049656.fastq
Started analysis of DRR049657.fastq
Approx 5% complete for DRR049657.fastq
Approx 10% complete for DRR049657.fastq
Approx 15% complete for DRR049657.fastq
Approx 20% complete for DRR049657.fastq
Approx 25% complete for DRR049657.fastq
Approx 30% complete for DRR049657.fastq
Approx 35% complete for DRR049657.fastq
Approx 40% complete for DRR049657.fastq
Approx 45% complete for DRR049657.fastq
Approx 50% complete for DRR049657.fastq
Approx 55% complete for DRR049657.fastq
Approx 60% complete for DRR049657.fastq
Approx 65% complete for DRR049657.fastq
Approx 70% complete for DRR049657.fastq
Approx 75% complete for DRR049657.fastq
Approx 80% complete for DRR049657.fastq
Approx 85% complete for DRR049657.fastq
Approx 90% complete for DRR049657.fastq
Approx 95% complete for DRR049657.fastq
Started analysis of DRR049658.fastq
Approx 5% complete for DRR049658.fastq
Approx 10% complete for DRR049658.fastq
Approx 15% complete for DRR049658.fastq
Approx 20% complete for DRR049658.fastq
Approx 25% complete for DRR049658.fastq
Approx 30% complete for DRR049658.fastq
Approx 35% complete for DRR049658.fastq
Approx 40% complete for DRR049658.fastq
Approx 45% complete for DRR049658.fastq
Approx 50% complete for DRR049658.fastq
Approx 55% complete for DRR049658.fastq
Approx 60% complete for DRR049658.fastq
Approx 65% complete for DRR049658.fastq
Approx 70% complete for DRR049658.fastq
Approx 75% complete for DRR049658.fastq
Approx 80% complete for DRR049658.fastq
Approx 85% complete for DRR049658.fastq
Approx 90% complete for DRR049658.fastq
Approx 95% complete for DRR049658.fastq
Started analysis of DRR049659.fastq
Approx 5% complete for DRR049659.fastq
Approx 10% complete for DRR049659.fastq
Approx 15% complete for DRR049659.fastq
Approx 20% complete for DRR049659.fastq
Approx 25% complete for DRR049659.fastq
Approx 30% complete for DRR049659.fastq
Approx 35% complete for DRR049659.fastq
Approx 40% complete for DRR049659.fastq
Approx 45% complete for DRR049659.fastq
Approx 50% complete for DRR049659.fastq
Approx 55% complete for DRR049659.fastq
Approx 60% complete for DRR049659.fastq
Approx 65% complete for DRR049659.fastq
Approx 70% complete for DRR049659.fastq
Approx 75% complete for DRR049659.fastq
Approx 80% complete for DRR049659.fastq
Approx 85% complete for DRR049659.fastq
Approx 90% complete for DRR049659.fastq
Approx 95% complete for DRR049659.fastq
Started analysis of DRR049660.fastq
Approx 5% complete for DRR049660.fastq
Approx 10% complete for DRR049660.fastq
Approx 15% complete for DRR049660.fastq
Approx 20% complete for DRR049660.fastq
Approx 25% complete for DRR049660.fastq
Approx 30% complete for DRR049660.fastq
Approx 35% complete for DRR049660.fastq
Approx 40% complete for DRR049660.fastq
Approx 45% complete for DRR049660.fastq
Approx 50% complete for DRR049660.fastq
Approx 55% complete for DRR049660.fastq
Approx 60% complete for DRR049660.fastq
Approx 65% complete for DRR049660.fastq
Approx 70% complete for DRR049660.fastq
Approx 75% complete for DRR049660.fastq
Approx 80% complete for DRR049660.fastq
Approx 85% complete for DRR049660.fastq
Approx 90% complete for DRR049660.fastq
Approx 95% complete for DRR049660.fastq
Started analysis of DRR049661.fastq
Approx 5% complete for DRR049661.fastq
Approx 10% complete for DRR049661.fastq
Approx 15% complete for DRR049661.fastq
Approx 20% complete for DRR049661.fastq
Approx 25% complete for DRR049661.fastq
Approx 30% complete for DRR049661.fastq
Approx 35% complete for DRR049661.fastq
Approx 40% complete for DRR049661.fastq
Approx 45% complete for DRR049661.fastq
Approx 50% complete for DRR049661.fastq
Approx 55% complete for DRR049661.fastq
Approx 60% complete for DRR049661.fastq
Approx 65% complete for DRR049661.fastq
Approx 70% complete for DRR049661.fastq
Approx 75% complete for DRR049661.fastq
Approx 80% complete for DRR049661.fastq
Approx 85% complete for DRR049661.fastq
Approx 90% complete for DRR049661.fastq
Approx 95% complete for DRR049661.fastq
Started analysis of DRR049662.fastq
Approx 5% complete for DRR049662.fastq
Approx 10% complete for DRR049662.fastq
Approx 15% complete for DRR049662.fastq
Approx 20% complete for DRR049662.fastq
Approx 25% complete for DRR049662.fastq
Approx 30% complete for DRR049662.fastq
Approx 35% complete for DRR049662.fastq
Approx 40% complete for DRR049662.fastq
Approx 45% complete for DRR049662.fastq
Approx 50% complete for DRR049662.fastq
Approx 55% complete for DRR049662.fastq
Approx 60% complete for DRR049662.fastq
Approx 65% complete for DRR049662.fastq
Approx 70% complete for DRR049662.fastq
Approx 75% complete for DRR049662.fastq
Approx 80% complete for DRR049662.fastq
Approx 85% complete for DRR049662.fastq
Approx 90% complete for DRR049662.fastq
Approx 95% complete for DRR049662.fastq
Started analysis of DRR049663.fastq
Approx 5% complete for DRR049663.fastq
Approx 10% complete for DRR049663.fastq
Approx 15% complete for DRR049663.fastq
Approx 20% complete for DRR049663.fastq
Approx 25% complete for DRR049663.fastq
Approx 30% complete for DRR049663.fastq
Approx 35% complete for DRR049663.fastq
Approx 40% complete for DRR049663.fastq
Approx 45% complete for DRR049663.fastq
Approx 50% complete for DRR049663.fastq
Approx 55% complete for DRR049663.fastq
Approx 60% complete for DRR049663.fastq
Approx 65% complete for DRR049663.fastq
Approx 70% complete for DRR049663.fastq
Approx 75% complete for DRR049663.fastq
Approx 80% complete for DRR049663.fastq
Approx 85% complete for DRR049663.fastq
Approx 90% complete for DRR049663.fastq
Approx 95% complete for DRR049663.fastq
Started analysis of DRR049664.fastq
Approx 5% complete for DRR049664.fastq
Approx 10% complete for DRR049664.fastq
Approx 15% complete for DRR049664.fastq
Approx 20% complete for DRR049664.fastq
Approx 25% complete for DRR049664.fastq
Approx 30% complete for DRR049664.fastq
Approx 35% complete for DRR049664.fastq
Approx 40% complete for DRR049664.fastq
Approx 45% complete for DRR049664.fastq
Approx 50% complete for DRR049664.fastq
Approx 55% complete for DRR049664.fastq
Approx 60% complete for DRR049664.fastq
Approx 65% complete for DRR049664.fastq
Approx 70% complete for DRR049664.fastq
Approx 75% complete for DRR049664.fastq
Approx 80% complete for DRR049664.fastq
Approx 85% complete for DRR049664.fastq
Approx 90% complete for DRR049664.fastq
Approx 95% complete for DRR049664.fastq
Started analysis of DRR049665.fastq
Approx 5% complete for DRR049665.fastq
Approx 10% complete for DRR049665.fastq
Approx 15% complete for DRR049665.fastq
Approx 20% complete for DRR049665.fastq
Approx 25% complete for DRR049665.fastq
Approx 30% complete for DRR049665.fastq
Approx 35% complete for DRR049665.fastq
Approx 40% complete for DRR049665.fastq
Approx 45% complete for DRR049665.fastq
Approx 50% complete for DRR049665.fastq
Approx 55% complete for DRR049665.fastq
Approx 60% complete for DRR049665.fastq
Approx 65% complete for DRR049665.fastq
Approx 70% complete for DRR049665.fastq
Approx 75% complete for DRR049665.fastq
Approx 80% complete for DRR049665.fastq
Approx 85% complete for DRR049665.fastq
Approx 90% complete for DRR049665.fastq
Approx 95% complete for DRR049665.fastq
Started analysis of DRR049668_1.fastq
Approx 5% complete for DRR049668_1.fastq
Approx 10% complete for DRR049668_1.fastq
Approx 15% complete for DRR049668_1.fastq
Approx 20% complete for DRR049668_1.fastq
Approx 25% complete for DRR049668_1.fastq
Approx 30% complete for DRR049668_1.fastq
Approx 35% complete for DRR049668_1.fastq
Approx 40% complete for DRR049668_1.fastq
Approx 45% complete for DRR049668_1.fastq
Approx 50% complete for DRR049668_1.fastq
Approx 55% complete for DRR049668_1.fastq
Approx 60% complete for DRR049668_1.fastq
Approx 65% complete for DRR049668_1.fastq
Approx 70% complete for DRR049668_1.fastq
Approx 75% complete for DRR049668_1.fastq
Approx 80% complete for DRR049668_1.fastq
Approx 85% complete for DRR049668_1.fastq
Approx 90% complete for DRR049668_1.fastq
Approx 95% complete for DRR049668_1.fastq
Started analysis of DRR049668_2.fastq
Approx 5% complete for DRR049668_2.fastq
Approx 10% complete for DRR049668_2.fastq
Approx 15% complete for DRR049668_2.fastq
Approx 20% complete for DRR049668_2.fastq
Approx 25% complete for DRR049668_2.fastq
Approx 30% complete for DRR049668_2.fastq
Approx 35% complete for DRR049668_2.fastq
Approx 40% complete for DRR049668_2.fastq
Approx 45% complete for DRR049668_2.fastq
Approx 50% complete for DRR049668_2.fastq
Approx 55% complete for DRR049668_2.fastq
Approx 60% complete for DRR049668_2.fastq
Approx 65% complete for DRR049668_2.fastq
Approx 70% complete for DRR049668_2.fastq
Approx 75% complete for DRR049668_2.fastq
Approx 80% complete for DRR049668_2.fastq
Approx 85% complete for DRR049668_2.fastq
Approx 90% complete for DRR049668_2.fastq
Approx 95% complete for DRR049668_2.fastq
Started analysis of DRR049669_1.fastq
Approx 5% complete for DRR049669_1.fastq
Approx 10% complete for DRR049669_1.fastq
Approx 15% complete for DRR049669_1.fastq
Approx 20% complete for DRR049669_1.fastq
Approx 25% complete for DRR049669_1.fastq
Approx 30% complete for DRR049669_1.fastq
Approx 35% complete for DRR049669_1.fastq
Approx 40% complete for DRR049669_1.fastq
Approx 45% complete for DRR049669_1.fastq
Approx 50% complete for DRR049669_1.fastq
Approx 55% complete for DRR049669_1.fastq
Approx 60% complete for DRR049669_1.fastq
Approx 65% complete for DRR049669_1.fastq
Approx 70% complete for DRR049669_1.fastq
Approx 75% complete for DRR049669_1.fastq
Approx 80% complete for DRR049669_1.fastq
Approx 85% complete for DRR049669_1.fastq
Approx 90% complete for DRR049669_1.fastq
Approx 95% complete for DRR049669_1.fastq
Started analysis of DRR049669_2.fastq
Approx 5% complete for DRR049669_2.fastq
Approx 10% complete for DRR049669_2.fastq
Approx 15% complete for DRR049669_2.fastq
Approx 20% complete for DRR049669_2.fastq
Approx 25% complete for DRR049669_2.fastq
Approx 30% complete for DRR049669_2.fastq
Approx 35% complete for DRR049669_2.fastq
Approx 40% complete for DRR049669_2.fastq
Approx 45% complete for DRR049669_2.fastq
Approx 50% complete for DRR049669_2.fastq
Approx 55% complete for DRR049669_2.fastq
Approx 60% complete for DRR049669_2.fastq
Approx 65% complete for DRR049669_2.fastq
Approx 70% complete for DRR049669_2.fastq
Approx 75% complete for DRR049669_2.fastq
Approx 80% complete for DRR049669_2.fastq
Approx 85% complete for DRR049669_2.fastq
Approx 90% complete for DRR049669_2.fastq
Approx 95% complete for DRR049669_2.fastq
Started analysis of DRR076623_1.fastq
Approx 5% complete for DRR076623_1.fastq
Approx 10% complete for DRR076623_1.fastq
Approx 15% complete for DRR076623_1.fastq
Approx 20% complete for DRR076623_1.fastq
Approx 25% complete for DRR076623_1.fastq
Approx 30% complete for DRR076623_1.fastq
Approx 35% complete for DRR076623_1.fastq
Approx 40% complete for DRR076623_1.fastq
Approx 45% complete for DRR076623_1.fastq
Approx 50% complete for DRR076623_1.fastq
Approx 55% complete for DRR076623_1.fastq
Approx 60% complete for DRR076623_1.fastq
Approx 65% complete for DRR076623_1.fastq
Approx 70% complete for DRR076623_1.fastq
Approx 75% complete for DRR076623_1.fastq
Approx 80% complete for DRR076623_1.fastq
Approx 85% complete for DRR076623_1.fastq
Approx 90% complete for DRR076623_1.fastq
Approx 95% complete for DRR076623_1.fastq
Started analysis of DRR076623_2.fastq
Approx 5% complete for DRR076623_2.fastq
Approx 10% complete for DRR076623_2.fastq
Approx 15% complete for DRR076623_2.fastq
Approx 20% complete for DRR076623_2.fastq
Approx 25% complete for DRR076623_2.fastq
Approx 30% complete for DRR076623_2.fastq
Approx 35% complete for DRR076623_2.fastq
Approx 40% complete for DRR076623_2.fastq
Approx 45% complete for DRR076623_2.fastq
Approx 50% complete for DRR076623_2.fastq
Approx 55% complete for DRR076623_2.fastq
Approx 60% complete for DRR076623_2.fastq
Approx 65% complete for DRR076623_2.fastq
Approx 70% complete for DRR076623_2.fastq
Approx 75% complete for DRR076623_2.fastq
Approx 80% complete for DRR076623_2.fastq
Approx 85% complete for DRR076623_2.fastq
Approx 90% complete for DRR076623_2.fastq
Approx 95% complete for DRR076623_2.fastq
Started analysis of DRR076624_1.fastq
Approx 5% complete for DRR076624_1.fastq
Approx 10% complete for DRR076624_1.fastq
Approx 15% complete for DRR076624_1.fastq
Approx 20% complete for DRR076624_1.fastq
Approx 25% complete for DRR076624_1.fastq
Approx 30% complete for DRR076624_1.fastq
Approx 35% complete for DRR076624_1.fastq
Approx 40% complete for DRR076624_1.fastq
Approx 45% complete for DRR076624_1.fastq
Approx 50% complete for DRR076624_1.fastq
Approx 55% complete for DRR076624_1.fastq
Approx 60% complete for DRR076624_1.fastq
Approx 65% complete for DRR076624_1.fastq
Approx 70% complete for DRR076624_1.fastq
Approx 75% complete for DRR076624_1.fastq
Approx 80% complete for DRR076624_1.fastq
Approx 85% complete for DRR076624_1.fastq
Approx 90% complete for DRR076624_1.fastq
Approx 95% complete for DRR076624_1.fastq
Started analysis of DRR076624_2.fastq
Approx 5% complete for DRR076624_2.fastq
Approx 10% complete for DRR076624_2.fastq
Approx 15% complete for DRR076624_2.fastq
Approx 20% complete for DRR076624_2.fastq
Approx 25% complete for DRR076624_2.fastq
Approx 30% complete for DRR076624_2.fastq
Approx 35% complete for DRR076624_2.fastq
Approx 40% complete for DRR076624_2.fastq
Approx 45% complete for DRR076624_2.fastq
Approx 50% complete for DRR076624_2.fastq
Approx 55% complete for DRR076624_2.fastq
Approx 60% complete for DRR076624_2.fastq
Approx 65% complete for DRR076624_2.fastq
Approx 70% complete for DRR076624_2.fastq
Approx 75% complete for DRR076624_2.fastq
Approx 80% complete for DRR076624_2.fastq
Approx 85% complete for DRR076624_2.fastq
Approx 90% complete for DRR076624_2.fastq
Approx 95% complete for DRR076624_2.fastq
Started analysis of DRR076625_1.fastq
Approx 5% complete for DRR076625_1.fastq
Approx 10% complete for DRR076625_1.fastq
Approx 15% complete for DRR076625_1.fastq
Approx 20% complete for DRR076625_1.fastq
Approx 25% complete for DRR076625_1.fastq
Approx 30% complete for DRR076625_1.fastq
Approx 35% complete for DRR076625_1.fastq
Approx 40% complete for DRR076625_1.fastq
Approx 45% complete for DRR076625_1.fastq
Approx 50% complete for DRR076625_1.fastq
Approx 55% complete for DRR076625_1.fastq
Approx 60% complete for DRR076625_1.fastq
Approx 65% complete for DRR076625_1.fastq
Approx 70% complete for DRR076625_1.fastq
Approx 75% complete for DRR076625_1.fastq
Approx 80% complete for DRR076625_1.fastq
Approx 85% complete for DRR076625_1.fastq
Approx 90% complete for DRR076625_1.fastq
Approx 95% complete for DRR076625_1.fastq
Started analysis of DRR076625_2.fastq
Approx 5% complete for DRR076625_2.fastq
Approx 10% complete for DRR076625_2.fastq
Approx 15% complete for DRR076625_2.fastq
Approx 20% complete for DRR076625_2.fastq
Approx 25% complete for DRR076625_2.fastq
Approx 30% complete for DRR076625_2.fastq
Approx 35% complete for DRR076625_2.fastq
Approx 40% complete for DRR076625_2.fastq
Approx 45% complete for DRR076625_2.fastq
Approx 50% complete for DRR076625_2.fastq
Approx 55% complete for DRR076625_2.fastq
Approx 60% complete for DRR076625_2.fastq
Approx 65% complete for DRR076625_2.fastq
Approx 70% complete for DRR076625_2.fastq
Approx 75% complete for DRR076625_2.fastq
Approx 80% complete for DRR076625_2.fastq
Approx 85% complete for DRR076625_2.fastq
Approx 90% complete for DRR076625_2.fastq
Approx 95% complete for DRR076625_2.fastq
Started analysis of DRR076626_1.fastq
Approx 5% complete for DRR076626_1.fastq
Approx 10% complete for DRR076626_1.fastq
Approx 15% complete for DRR076626_1.fastq
Approx 20% complete for DRR076626_1.fastq
Approx 25% complete for DRR076626_1.fastq
Approx 30% complete for DRR076626_1.fastq
Approx 35% complete for DRR076626_1.fastq
Approx 40% complete for DRR076626_1.fastq
Approx 45% complete for DRR076626_1.fastq
Approx 50% complete for DRR076626_1.fastq
Approx 55% complete for DRR076626_1.fastq
Approx 60% complete for DRR076626_1.fastq
Approx 65% complete for DRR076626_1.fastq
Approx 70% complete for DRR076626_1.fastq
Approx 75% complete for DRR076626_1.fastq
Approx 80% complete for DRR076626_1.fastq
Approx 85% complete for DRR076626_1.fastq
Approx 90% complete for DRR076626_1.fastq
Approx 95% complete for DRR076626_1.fastq
Started analysis of DRR076626_2.fastq
Approx 5% complete for DRR076626_2.fastq
Approx 10% complete for DRR076626_2.fastq
Approx 15% complete for DRR076626_2.fastq
Approx 20% complete for DRR076626_2.fastq
Approx 25% complete for DRR076626_2.fastq
Approx 30% complete for DRR076626_2.fastq
Approx 35% complete for DRR076626_2.fastq
Approx 40% complete for DRR076626_2.fastq
Approx 45% complete for DRR076626_2.fastq
Approx 50% complete for DRR076626_2.fastq
Approx 55% complete for DRR076626_2.fastq
Approx 60% complete for DRR076626_2.fastq
Approx 65% complete for DRR076626_2.fastq
Approx 70% complete for DRR076626_2.fastq
Approx 75% complete for DRR076626_2.fastq
Approx 80% complete for DRR076626_2.fastq
Approx 85% complete for DRR076626_2.fastq
Approx 90% complete for DRR076626_2.fastq
Approx 95% complete for DRR076626_2.fastq
Started analysis of DRR076627_1.fastq
Approx 5% complete for DRR076627_1.fastq
Approx 10% complete for DRR076627_1.fastq
Approx 15% complete for DRR076627_1.fastq
Approx 20% complete for DRR076627_1.fastq
Approx 25% complete for DRR076627_1.fastq
Approx 30% complete for DRR076627_1.fastq
Approx 35% complete for DRR076627_1.fastq
Approx 40% complete for DRR076627_1.fastq
Approx 45% complete for DRR076627_1.fastq
Approx 50% complete for DRR076627_1.fastq
Approx 55% complete for DRR076627_1.fastq
Approx 60% complete for DRR076627_1.fastq
Approx 65% complete for DRR076627_1.fastq
Approx 70% complete for DRR076627_1.fastq
Approx 75% complete for DRR076627_1.fastq
Approx 80% complete for DRR076627_1.fastq
Approx 85% complete for DRR076627_1.fastq
Approx 90% complete for DRR076627_1.fastq
Approx 95% complete for DRR076627_1.fastq
Started analysis of DRR076627_2.fastq
Approx 5% complete for DRR076627_2.fastq
Approx 10% complete for DRR076627_2.fastq
Approx 15% complete for DRR076627_2.fastq
Approx 20% complete for DRR076627_2.fastq
Approx 25% complete for DRR076627_2.fastq
Approx 30% complete for DRR076627_2.fastq
Approx 35% complete for DRR076627_2.fastq
Approx 40% complete for DRR076627_2.fastq
Approx 45% complete for DRR076627_2.fastq
Approx 50% complete for DRR076627_2.fastq
Approx 55% complete for DRR076627_2.fastq
Approx 60% complete for DRR076627_2.fastq
Approx 65% complete for DRR076627_2.fastq
Approx 70% complete for DRR076627_2.fastq
Approx 75% complete for DRR076627_2.fastq
Approx 80% complete for DRR076627_2.fastq
Approx 85% complete for DRR076627_2.fastq
Approx 90% complete for DRR076627_2.fastq
Approx 95% complete for DRR076627_2.fastq
Started analysis of DRR076628_1.fastq
Approx 5% complete for DRR076628_1.fastq
Approx 10% complete for DRR076628_1.fastq
Approx 15% complete for DRR076628_1.fastq
Approx 20% complete for DRR076628_1.fastq
Approx 25% complete for DRR076628_1.fastq
Approx 30% complete for DRR076628_1.fastq
Approx 35% complete for DRR076628_1.fastq
Approx 40% complete for DRR076628_1.fastq
Approx 45% complete for DRR076628_1.fastq
Approx 50% complete for DRR076628_1.fastq
Approx 55% complete for DRR076628_1.fastq
Approx 60% complete for DRR076628_1.fastq
Approx 65% complete for DRR076628_1.fastq
Approx 70% complete for DRR076628_1.fastq
Approx 75% complete for DRR076628_1.fastq
Approx 80% complete for DRR076628_1.fastq
Approx 85% complete for DRR076628_1.fastq
Approx 90% complete for DRR076628_1.fastq
Approx 95% complete for DRR076628_1.fastq
Started analysis of DRR076628_2.fastq
Approx 5% complete for DRR076628_2.fastq
Approx 10% complete for DRR076628_2.fastq
Approx 15% complete for DRR076628_2.fastq
Approx 20% complete for DRR076628_2.fastq
Approx 25% complete for DRR076628_2.fastq
Approx 30% complete for DRR076628_2.fastq
Approx 35% complete for DRR076628_2.fastq
Approx 40% complete for DRR076628_2.fastq
Approx 45% complete for DRR076628_2.fastq
Approx 50% complete for DRR076628_2.fastq
Approx 55% complete for DRR076628_2.fastq
Approx 60% complete for DRR076628_2.fastq
Approx 65% complete for DRR076628_2.fastq
Approx 70% complete for DRR076628_2.fastq
Approx 75% complete for DRR076628_2.fastq
Approx 80% complete for DRR076628_2.fastq
Approx 85% complete for DRR076628_2.fastq
Approx 90% complete for DRR076628_2.fastq
Approx 95% complete for DRR076628_2.fastq
Started analysis of DRR076629_1.fastq
Approx 5% complete for DRR076629_1.fastq
Approx 10% complete for DRR076629_1.fastq
Approx 15% complete for DRR076629_1.fastq
Approx 20% complete for DRR076629_1.fastq
Approx 25% complete for DRR076629_1.fastq
Approx 30% complete for DRR076629_1.fastq
Approx 35% complete for DRR076629_1.fastq
Approx 40% complete for DRR076629_1.fastq
Approx 45% complete for DRR076629_1.fastq
Approx 50% complete for DRR076629_1.fastq
Approx 55% complete for DRR076629_1.fastq
Approx 60% complete for DRR076629_1.fastq
Approx 65% complete for DRR076629_1.fastq
Approx 70% complete for DRR076629_1.fastq
Approx 75% complete for DRR076629_1.fastq
Approx 80% complete for DRR076629_1.fastq
Approx 85% complete for DRR076629_1.fastq
Approx 90% complete for DRR076629_1.fastq
Approx 95% complete for DRR076629_1.fastq
Started analysis of DRR076629_2.fastq
Approx 5% complete for DRR076629_2.fastq
Approx 10% complete for DRR076629_2.fastq
Approx 15% complete for DRR076629_2.fastq
Approx 20% complete for DRR076629_2.fastq
Approx 25% complete for DRR076629_2.fastq
Approx 30% complete for DRR076629_2.fastq
Approx 35% complete for DRR076629_2.fastq
Approx 40% complete for DRR076629_2.fastq
Approx 45% complete for DRR076629_2.fastq
Approx 50% complete for DRR076629_2.fastq
Approx 55% complete for DRR076629_2.fastq
Approx 60% complete for DRR076629_2.fastq
Approx 65% complete for DRR076629_2.fastq
Approx 70% complete for DRR076629_2.fastq
Approx 75% complete for DRR076629_2.fastq
Approx 80% complete for DRR076629_2.fastq
Approx 85% complete for DRR076629_2.fastq
Approx 90% complete for DRR076629_2.fastq
Approx 95% complete for DRR076629_2.fastq
Started analysis of DRR076630_1.fastq
Approx 5% complete for DRR076630_1.fastq
Approx 10% complete for DRR076630_1.fastq
Approx 15% complete for DRR076630_1.fastq
Approx 20% complete for DRR076630_1.fastq
Approx 25% complete for DRR076630_1.fastq
Approx 30% complete for DRR076630_1.fastq
Approx 35% complete for DRR076630_1.fastq
Approx 40% complete for DRR076630_1.fastq
Approx 45% complete for DRR076630_1.fastq
Approx 50% complete for DRR076630_1.fastq
Approx 55% complete for DRR076630_1.fastq
Approx 60% complete for DRR076630_1.fastq
Approx 65% complete for DRR076630_1.fastq
Approx 70% complete for DRR076630_1.fastq
Approx 75% complete for DRR076630_1.fastq
Approx 80% complete for DRR076630_1.fastq
Approx 85% complete for DRR076630_1.fastq
Approx 90% complete for DRR076630_1.fastq
Approx 95% complete for DRR076630_1.fastq
Started analysis of DRR076630_2.fastq
Approx 5% complete for DRR076630_2.fastq
Approx 10% complete for DRR076630_2.fastq
Approx 15% complete for DRR076630_2.fastq
Approx 20% complete for DRR076630_2.fastq
Approx 25% complete for DRR076630_2.fastq
Approx 30% complete for DRR076630_2.fastq
Approx 35% complete for DRR076630_2.fastq
Approx 40% complete for DRR076630_2.fastq
Approx 45% complete for DRR076630_2.fastq
Approx 50% complete for DRR076630_2.fastq
Approx 55% complete for DRR076630_2.fastq
Approx 60% complete for DRR076630_2.fastq
Approx 65% complete for DRR076630_2.fastq
Approx 70% complete for DRR076630_2.fastq
Approx 75% complete for DRR076630_2.fastq
Approx 80% complete for DRR076630_2.fastq
Approx 85% complete for DRR076630_2.fastq
Approx 90% complete for DRR076630_2.fastq
Approx 95% complete for DRR076630_2.fastq
Started analysis of DRR076631_1.fastq
Approx 5% complete for DRR076631_1.fastq
Approx 10% complete for DRR076631_1.fastq
Approx 15% complete for DRR076631_1.fastq
Approx 20% complete for DRR076631_1.fastq
Approx 25% complete for DRR076631_1.fastq
Approx 30% complete for DRR076631_1.fastq
Approx 35% complete for DRR076631_1.fastq
Approx 40% complete for DRR076631_1.fastq
Approx 45% complete for DRR076631_1.fastq
Approx 50% complete for DRR076631_1.fastq
Approx 55% complete for DRR076631_1.fastq
Approx 60% complete for DRR076631_1.fastq
Approx 65% complete for DRR076631_1.fastq
Approx 70% complete for DRR076631_1.fastq
Approx 75% complete for DRR076631_1.fastq
Approx 80% complete for DRR076631_1.fastq
Approx 85% complete for DRR076631_1.fastq
Approx 90% complete for DRR076631_1.fastq
Approx 95% complete for DRR076631_1.fastq
Started analysis of DRR076631_2.fastq
Approx 5% complete for DRR076631_2.fastq
Approx 10% complete for DRR076631_2.fastq
Approx 15% complete for DRR076631_2.fastq
Approx 20% complete for DRR076631_2.fastq
Approx 25% complete for DRR076631_2.fastq
Approx 30% complete for DRR076631_2.fastq
Approx 35% complete for DRR076631_2.fastq
Approx 40% complete for DRR076631_2.fastq
Approx 45% complete for DRR076631_2.fastq
Approx 50% complete for DRR076631_2.fastq
Approx 55% complete for DRR076631_2.fastq
Approx 60% complete for DRR076631_2.fastq
Approx 65% complete for DRR076631_2.fastq
Approx 70% complete for DRR076631_2.fastq
Approx 75% complete for DRR076631_2.fastq
Approx 80% complete for DRR076631_2.fastq
Approx 85% complete for DRR076631_2.fastq
Approx 90% complete for DRR076631_2.fastq
Approx 95% complete for DRR076631_2.fastq
Started analysis of DRR076632_1.fastq
Approx 5% complete for DRR076632_1.fastq
Approx 10% complete for DRR076632_1.fastq
Approx 15% complete for DRR076632_1.fastq
Approx 20% complete for DRR076632_1.fastq
Approx 25% complete for DRR076632_1.fastq
Approx 30% complete for DRR076632_1.fastq
Approx 35% complete for DRR076632_1.fastq
Approx 40% complete for DRR076632_1.fastq
Approx 45% complete for DRR076632_1.fastq
Approx 50% complete for DRR076632_1.fastq
Approx 55% complete for DRR076632_1.fastq
Approx 60% complete for DRR076632_1.fastq
Approx 65% complete for DRR076632_1.fastq
Approx 70% complete for DRR076632_1.fastq
Approx 75% complete for DRR076632_1.fastq
Approx 80% complete for DRR076632_1.fastq
Approx 85% complete for DRR076632_1.fastq
Approx 90% complete for DRR076632_1.fastq
Approx 95% complete for DRR076632_1.fastq
Started analysis of DRR076632_2.fastq
Approx 5% complete for DRR076632_2.fastq
Approx 10% complete for DRR076632_2.fastq
Approx 15% complete for DRR076632_2.fastq
Approx 20% complete for DRR076632_2.fastq
Approx 25% complete for DRR076632_2.fastq
Approx 30% complete for DRR076632_2.fastq
Approx 35% complete for DRR076632_2.fastq
Approx 40% complete for DRR076632_2.fastq
Approx 45% complete for DRR076632_2.fastq
Approx 50% complete for DRR076632_2.fastq
Approx 55% complete for DRR076632_2.fastq
Approx 60% complete for DRR076632_2.fastq
Approx 65% complete for DRR076632_2.fastq
Approx 70% complete for DRR076632_2.fastq
Approx 75% complete for DRR076632_2.fastq
Approx 80% complete for DRR076632_2.fastq
Approx 85% complete for DRR076632_2.fastq
Approx 90% complete for DRR076632_2.fastq
Approx 95% complete for DRR076632_2.fastq
Started analysis of DRR076633_1.fastq
Approx 5% complete for DRR076633_1.fastq
Approx 10% complete for DRR076633_1.fastq
Approx 15% complete for DRR076633_1.fastq
Approx 20% complete for DRR076633_1.fastq
Approx 25% complete for DRR076633_1.fastq
Approx 30% complete for DRR076633_1.fastq
Approx 35% complete for DRR076633_1.fastq
Approx 40% complete for DRR076633_1.fastq
Approx 45% complete for DRR076633_1.fastq
Approx 50% complete for DRR076633_1.fastq
Approx 55% complete for DRR076633_1.fastq
Approx 60% complete for DRR076633_1.fastq
Approx 65% complete for DRR076633_1.fastq
Approx 70% complete for DRR076633_1.fastq
Approx 75% complete for DRR076633_1.fastq
Approx 80% complete for DRR076633_1.fastq
Approx 85% complete for DRR076633_1.fastq
Approx 90% complete for DRR076633_1.fastq
Approx 95% complete for DRR076633_1.fastq
Started analysis of DRR076633_2.fastq
Approx 5% complete for DRR076633_2.fastq
Approx 10% complete for DRR076633_2.fastq
Approx 15% complete for DRR076633_2.fastq
Approx 20% complete for DRR076633_2.fastq
Approx 25% complete for DRR076633_2.fastq
Approx 30% complete for DRR076633_2.fastq
Approx 35% complete for DRR076633_2.fastq
Approx 40% complete for DRR076633_2.fastq
Approx 45% complete for DRR076633_2.fastq
Approx 50% complete for DRR076633_2.fastq
Approx 55% complete for DRR076633_2.fastq
Approx 60% complete for DRR076633_2.fastq
Approx 65% complete for DRR076633_2.fastq
Approx 70% complete for DRR076633_2.fastq
Approx 75% complete for DRR076633_2.fastq
Approx 80% complete for DRR076633_2.fastq
Approx 85% complete for DRR076633_2.fastq
Approx 90% complete for DRR076633_2.fastq
Approx 95% complete for DRR076633_2.fastq
Started analysis of DRR076634_1.fastq
Approx 5% complete for DRR076634_1.fastq
Approx 10% complete for DRR076634_1.fastq
Approx 15% complete for DRR076634_1.fastq
Approx 20% complete for DRR076634_1.fastq
Approx 25% complete for DRR076634_1.fastq
Approx 30% complete for DRR076634_1.fastq
Approx 35% complete for DRR076634_1.fastq
Approx 40% complete for DRR076634_1.fastq
Approx 45% complete for DRR076634_1.fastq
Approx 50% complete for DRR076634_1.fastq
Approx 55% complete for DRR076634_1.fastq
Approx 60% complete for DRR076634_1.fastq
Approx 65% complete for DRR076634_1.fastq
Approx 70% complete for DRR076634_1.fastq
Approx 75% complete for DRR076634_1.fastq
Approx 80% complete for DRR076634_1.fastq
Approx 85% complete for DRR076634_1.fastq
Approx 90% complete for DRR076634_1.fastq
Approx 95% complete for DRR076634_1.fastq
Started analysis of DRR076634_2.fastq
Approx 5% complete for DRR076634_2.fastq
Approx 10% complete for DRR076634_2.fastq
Approx 15% complete for DRR076634_2.fastq
Approx 20% complete for DRR076634_2.fastq
Approx 25% complete for DRR076634_2.fastq
Approx 30% complete for DRR076634_2.fastq
Approx 35% complete for DRR076634_2.fastq
Approx 40% complete for DRR076634_2.fastq
Approx 45% complete for DRR076634_2.fastq
Approx 50% complete for DRR076634_2.fastq
Approx 55% complete for DRR076634_2.fastq
Approx 60% complete for DRR076634_2.fastq
Approx 65% complete for DRR076634_2.fastq
Approx 70% complete for DRR076634_2.fastq
Approx 75% complete for DRR076634_2.fastq
Approx 80% complete for DRR076634_2.fastq
Approx 85% complete for DRR076634_2.fastq
Approx 90% complete for DRR076634_2.fastq
Approx 95% complete for DRR076634_2.fastq
Started analysis of DRR076635_1.fastq
Approx 5% complete for DRR076635_1.fastq
Approx 10% complete for DRR076635_1.fastq
Approx 15% complete for DRR076635_1.fastq
Approx 20% complete for DRR076635_1.fastq
Approx 25% complete for DRR076635_1.fastq
Approx 30% complete for DRR076635_1.fastq
Approx 35% complete for DRR076635_1.fastq
Approx 40% complete for DRR076635_1.fastq
Approx 45% complete for DRR076635_1.fastq
Approx 50% complete for DRR076635_1.fastq
Approx 55% complete for DRR076635_1.fastq
Approx 60% complete for DRR076635_1.fastq
Approx 65% complete for DRR076635_1.fastq
Approx 70% complete for DRR076635_1.fastq
Approx 75% complete for DRR076635_1.fastq
Approx 80% complete for DRR076635_1.fastq
Approx 85% complete for DRR076635_1.fastq
Approx 90% complete for DRR076635_1.fastq
Approx 95% complete for DRR076635_1.fastq
Started analysis of DRR076635_2.fastq
Approx 5% complete for DRR076635_2.fastq
Approx 10% complete for DRR076635_2.fastq
Approx 15% complete for DRR076635_2.fastq
Approx 20% complete for DRR076635_2.fastq
Approx 25% complete for DRR076635_2.fastq
Approx 30% complete for DRR076635_2.fastq
Approx 35% complete for DRR076635_2.fastq
Approx 40% complete for DRR076635_2.fastq
Approx 45% complete for DRR076635_2.fastq
Approx 50% complete for DRR076635_2.fastq
Approx 55% complete for DRR076635_2.fastq
Approx 60% complete for DRR076635_2.fastq
Approx 65% complete for DRR076635_2.fastq
Approx 70% complete for DRR076635_2.fastq
Approx 75% complete for DRR076635_2.fastq
Approx 80% complete for DRR076635_2.fastq
Approx 85% complete for DRR076635_2.fastq
Approx 90% complete for DRR076635_2.fastq
Approx 95% complete for DRR076635_2.fastq
Started analysis of DRR076636_1.fastq
Approx 5% complete for DRR076636_1.fastq
Approx 10% complete for DRR076636_1.fastq
Approx 15% complete for DRR076636_1.fastq
Approx 20% complete for DRR076636_1.fastq
Approx 25% complete for DRR076636_1.fastq
Approx 30% complete for DRR076636_1.fastq
Approx 35% complete for DRR076636_1.fastq
Approx 40% complete for DRR076636_1.fastq
Approx 45% complete for DRR076636_1.fastq
Approx 50% complete for DRR076636_1.fastq
Approx 55% complete for DRR076636_1.fastq
Approx 60% complete for DRR076636_1.fastq
Approx 65% complete for DRR076636_1.fastq
Approx 70% complete for DRR076636_1.fastq
Approx 75% complete for DRR076636_1.fastq
Approx 80% complete for DRR076636_1.fastq
Approx 85% complete for DRR076636_1.fastq
Approx 90% complete for DRR076636_1.fastq
Approx 95% complete for DRR076636_1.fastq
Started analysis of DRR076636_2.fastq
Approx 5% complete for DRR076636_2.fastq
Approx 10% complete for DRR076636_2.fastq
Approx 15% complete for DRR076636_2.fastq
Approx 20% complete for DRR076636_2.fastq
Approx 25% complete for DRR076636_2.fastq
Approx 30% complete for DRR076636_2.fastq
Approx 35% complete for DRR076636_2.fastq
Approx 40% complete for DRR076636_2.fastq
Approx 45% complete for DRR076636_2.fastq
Approx 50% complete for DRR076636_2.fastq
Approx 55% complete for DRR076636_2.fastq
Approx 60% complete for DRR076636_2.fastq
Approx 65% complete for DRR076636_2.fastq
Approx 70% complete for DRR076636_2.fastq
Approx 75% complete for DRR076636_2.fastq
Approx 80% complete for DRR076636_2.fastq
Approx 85% complete for DRR076636_2.fastq
Approx 90% complete for DRR076636_2.fastq
Approx 95% complete for DRR076636_2.fastq
Started analysis of DRR076637_1.fastq
Approx 5% complete for DRR076637_1.fastq
Approx 10% complete for DRR076637_1.fastq
Approx 15% complete for DRR076637_1.fastq
Approx 20% complete for DRR076637_1.fastq
Approx 25% complete for DRR076637_1.fastq
Approx 30% complete for DRR076637_1.fastq
Approx 35% complete for DRR076637_1.fastq
Approx 40% complete for DRR076637_1.fastq
Approx 45% complete for DRR076637_1.fastq
Approx 50% complete for DRR076637_1.fastq
Approx 55% complete for DRR076637_1.fastq
Approx 60% complete for DRR076637_1.fastq
Approx 65% complete for DRR076637_1.fastq
Approx 70% complete for DRR076637_1.fastq
Approx 75% complete for DRR076637_1.fastq
Approx 80% complete for DRR076637_1.fastq
Approx 85% complete for DRR076637_1.fastq
Approx 90% complete for DRR076637_1.fastq
Approx 95% complete for DRR076637_1.fastq
Started analysis of DRR076637_2.fastq
Approx 5% complete for DRR076637_2.fastq
Approx 10% complete for DRR076637_2.fastq
Approx 15% complete for DRR076637_2.fastq
Approx 20% complete for DRR076637_2.fastq
Approx 25% complete for DRR076637_2.fastq
Approx 30% complete for DRR076637_2.fastq
Approx 35% complete for DRR076637_2.fastq
Approx 40% complete for DRR076637_2.fastq
Approx 45% complete for DRR076637_2.fastq
Approx 50% complete for DRR076637_2.fastq
Approx 55% complete for DRR076637_2.fastq
Approx 60% complete for DRR076637_2.fastq
Approx 65% complete for DRR076637_2.fastq
Approx 70% complete for DRR076637_2.fastq
Approx 75% complete for DRR076637_2.fastq
Approx 80% complete for DRR076637_2.fastq
Approx 85% complete for DRR076637_2.fastq
Approx 90% complete for DRR076637_2.fastq
Approx 95% complete for DRR076637_2.fastq
Started analysis of DRR076638_1.fastq
Approx 5% complete for DRR076638_1.fastq
Approx 10% complete for DRR076638_1.fastq
Approx 15% complete for DRR076638_1.fastq
Approx 20% complete for DRR076638_1.fastq
Approx 25% complete for DRR076638_1.fastq
Approx 30% complete for DRR076638_1.fastq
Approx 35% complete for DRR076638_1.fastq
Approx 40% complete for DRR076638_1.fastq
Approx 45% complete for DRR076638_1.fastq
Approx 50% complete for DRR076638_1.fastq
Approx 55% complete for DRR076638_1.fastq
Approx 60% complete for DRR076638_1.fastq
Approx 65% complete for DRR076638_1.fastq
Approx 70% complete for DRR076638_1.fastq
Approx 75% complete for DRR076638_1.fastq
Approx 80% complete for DRR076638_1.fastq
Approx 85% complete for DRR076638_1.fastq
Approx 90% complete for DRR076638_1.fastq
Approx 95% complete for DRR076638_1.fastq
Started analysis of DRR076638_2.fastq
Approx 5% complete for DRR076638_2.fastq
Approx 10% complete for DRR076638_2.fastq
Approx 15% complete for DRR076638_2.fastq
Approx 20% complete for DRR076638_2.fastq
Approx 25% complete for DRR076638_2.fastq
Approx 30% complete for DRR076638_2.fastq
Approx 35% complete for DRR076638_2.fastq
Approx 40% complete for DRR076638_2.fastq
Approx 45% complete for DRR076638_2.fastq
Approx 50% complete for DRR076638_2.fastq
Approx 55% complete for DRR076638_2.fastq
Approx 60% complete for DRR076638_2.fastq
Approx 65% complete for DRR076638_2.fastq
Approx 70% complete for DRR076638_2.fastq
Approx 75% complete for DRR076638_2.fastq
Approx 80% complete for DRR076638_2.fastq
Approx 85% complete for DRR076638_2.fastq
Approx 90% complete for DRR076638_2.fastq
Approx 95% complete for DRR076638_2.fastq
Started analysis of DRR076639_1.fastq
Approx 5% complete for DRR076639_1.fastq
Approx 10% complete for DRR076639_1.fastq
Approx 15% complete for DRR076639_1.fastq
Approx 20% complete for DRR076639_1.fastq
Approx 25% complete for DRR076639_1.fastq
Approx 30% complete for DRR076639_1.fastq
Approx 35% complete for DRR076639_1.fastq
Approx 40% complete for DRR076639_1.fastq
Approx 45% complete for DRR076639_1.fastq
Approx 50% complete for DRR076639_1.fastq
Approx 55% complete for DRR076639_1.fastq
Approx 60% complete for DRR076639_1.fastq
Approx 65% complete for DRR076639_1.fastq
Approx 70% complete for DRR076639_1.fastq
Approx 75% complete for DRR076639_1.fastq
Approx 80% complete for DRR076639_1.fastq
Approx 85% complete for DRR076639_1.fastq
Approx 90% complete for DRR076639_1.fastq
Approx 95% complete for DRR076639_1.fastq
Started analysis of DRR076639_2.fastq
Approx 5% complete for DRR076639_2.fastq
Approx 10% complete for DRR076639_2.fastq
Approx 15% complete for DRR076639_2.fastq
Approx 20% complete for DRR076639_2.fastq
Approx 25% complete for DRR076639_2.fastq
Approx 30% complete for DRR076639_2.fastq
Approx 35% complete for DRR076639_2.fastq
Approx 40% complete for DRR076639_2.fastq
Approx 45% complete for DRR076639_2.fastq
Approx 50% complete for DRR076639_2.fastq
Approx 55% complete for DRR076639_2.fastq
Approx 60% complete for DRR076639_2.fastq
Approx 65% complete for DRR076639_2.fastq
Approx 70% complete for DRR076639_2.fastq
Approx 75% complete for DRR076639_2.fastq
Approx 80% complete for DRR076639_2.fastq
Approx 85% complete for DRR076639_2.fastq
Approx 90% complete for DRR076639_2.fastq
Approx 95% complete for DRR076639_2.fastq
Started analysis of DRR076640_1.fastq
Approx 5% complete for DRR076640_1.fastq
Approx 10% complete for DRR076640_1.fastq
Approx 15% complete for DRR076640_1.fastq
Approx 20% complete for DRR076640_1.fastq
Approx 25% complete for DRR076640_1.fastq
Approx 30% complete for DRR076640_1.fastq
Approx 35% complete for DRR076640_1.fastq
Approx 40% complete for DRR076640_1.fastq
Approx 45% complete for DRR076640_1.fastq
Approx 50% complete for DRR076640_1.fastq
Approx 55% complete for DRR076640_1.fastq
Approx 60% complete for DRR076640_1.fastq
Approx 65% complete for DRR076640_1.fastq
Approx 70% complete for DRR076640_1.fastq
Approx 75% complete for DRR076640_1.fastq
Approx 80% complete for DRR076640_1.fastq
Approx 85% complete for DRR076640_1.fastq
Approx 90% complete for DRR076640_1.fastq
Approx 95% complete for DRR076640_1.fastq
Started analysis of DRR076640_2.fastq
Approx 5% complete for DRR076640_2.fastq
Approx 10% complete for DRR076640_2.fastq
Approx 15% complete for DRR076640_2.fastq
Approx 20% complete for DRR076640_2.fastq
Approx 25% complete for DRR076640_2.fastq
Approx 30% complete for DRR076640_2.fastq
Approx 35% complete for DRR076640_2.fastq
Approx 40% complete for DRR076640_2.fastq
Approx 45% complete for DRR076640_2.fastq
Approx 50% complete for DRR076640_2.fastq
Approx 55% complete for DRR076640_2.fastq
Approx 60% complete for DRR076640_2.fastq
Approx 65% complete for DRR076640_2.fastq
Approx 70% complete for DRR076640_2.fastq
Approx 75% complete for DRR076640_2.fastq
Approx 80% complete for DRR076640_2.fastq
Approx 85% complete for DRR076640_2.fastq
Approx 90% complete for DRR076640_2.fastq
Approx 95% complete for DRR076640_2.fastq
Started analysis of DRR076641_1.fastq
Approx 5% complete for DRR076641_1.fastq
Approx 10% complete for DRR076641_1.fastq
Approx 15% complete for DRR076641_1.fastq
Approx 20% complete for DRR076641_1.fastq
Approx 25% complete for DRR076641_1.fastq
Approx 30% complete for DRR076641_1.fastq
Approx 35% complete for DRR076641_1.fastq
Approx 40% complete for DRR076641_1.fastq
Approx 45% complete for DRR076641_1.fastq
Approx 50% complete for DRR076641_1.fastq
Approx 55% complete for DRR076641_1.fastq
Approx 60% complete for DRR076641_1.fastq
Approx 65% complete for DRR076641_1.fastq
Approx 70% complete for DRR076641_1.fastq
Approx 75% complete for DRR076641_1.fastq
Approx 80% complete for DRR076641_1.fastq
Approx 85% complete for DRR076641_1.fastq
Approx 90% complete for DRR076641_1.fastq
Approx 95% complete for DRR076641_1.fastq
Started analysis of DRR076641_2.fastq
Approx 5% complete for DRR076641_2.fastq
Approx 10% complete for DRR076641_2.fastq
Approx 15% complete for DRR076641_2.fastq
Approx 20% complete for DRR076641_2.fastq
Approx 25% complete for DRR076641_2.fastq
Approx 30% complete for DRR076641_2.fastq
Approx 35% complete for DRR076641_2.fastq
Approx 40% complete for DRR076641_2.fastq
Approx 45% complete for DRR076641_2.fastq
Approx 50% complete for DRR076641_2.fastq
Approx 55% complete for DRR076641_2.fastq
Approx 60% complete for DRR076641_2.fastq
Approx 65% complete for DRR076641_2.fastq
Approx 70% complete for DRR076641_2.fastq
Approx 75% complete for DRR076641_2.fastq
Approx 80% complete for DRR076641_2.fastq
Approx 85% complete for DRR076641_2.fastq
Approx 90% complete for DRR076641_2.fastq
Approx 95% complete for DRR076641_2.fastq
Started analysis of DRR076642_1.fastq
Approx 5% complete for DRR076642_1.fastq
Approx 10% complete for DRR076642_1.fastq
Approx 15% complete for DRR076642_1.fastq
Approx 20% complete for DRR076642_1.fastq
Approx 25% complete for DRR076642_1.fastq
Approx 30% complete for DRR076642_1.fastq
Approx 35% complete for DRR076642_1.fastq
Approx 40% complete for DRR076642_1.fastq
Approx 45% complete for DRR076642_1.fastq
Approx 50% complete for DRR076642_1.fastq
Approx 55% complete for DRR076642_1.fastq
Approx 60% complete for DRR076642_1.fastq
Approx 65% complete for DRR076642_1.fastq
Approx 70% complete for DRR076642_1.fastq
Approx 75% complete for DRR076642_1.fastq
Approx 80% complete for DRR076642_1.fastq
Approx 85% complete for DRR076642_1.fastq
Approx 90% complete for DRR076642_1.fastq
Approx 95% complete for DRR076642_1.fastq
Started analysis of DRR076642_2.fastq
Approx 5% complete for DRR076642_2.fastq
Approx 10% complete for DRR076642_2.fastq
Approx 15% complete for DRR076642_2.fastq
Approx 20% complete for DRR076642_2.fastq
Approx 25% complete for DRR076642_2.fastq
Approx 30% complete for DRR076642_2.fastq
Approx 35% complete for DRR076642_2.fastq
Approx 40% complete for DRR076642_2.fastq
Approx 45% complete for DRR076642_2.fastq
Approx 50% complete for DRR076642_2.fastq
Approx 55% complete for DRR076642_2.fastq
Approx 60% complete for DRR076642_2.fastq
Approx 65% complete for DRR076642_2.fastq
Approx 70% complete for DRR076642_2.fastq
Approx 75% complete for DRR076642_2.fastq
Approx 80% complete for DRR076642_2.fastq
Approx 85% complete for DRR076642_2.fastq
Approx 90% complete for DRR076642_2.fastq
Approx 95% complete for DRR076642_2.fastq
Started analysis of DRR076643_1.fastq
Approx 5% complete for DRR076643_1.fastq
Approx 10% complete for DRR076643_1.fastq
Approx 15% complete for DRR076643_1.fastq
Approx 20% complete for DRR076643_1.fastq
Approx 25% complete for DRR076643_1.fastq
Approx 30% complete for DRR076643_1.fastq
Approx 35% complete for DRR076643_1.fastq
Approx 40% complete for DRR076643_1.fastq
Approx 45% complete for DRR076643_1.fastq
Approx 50% complete for DRR076643_1.fastq
Approx 55% complete for DRR076643_1.fastq
Approx 60% complete for DRR076643_1.fastq
Approx 65% complete for DRR076643_1.fastq
Approx 70% complete for DRR076643_1.fastq
Approx 75% complete for DRR076643_1.fastq
Approx 80% complete for DRR076643_1.fastq
Approx 85% complete for DRR076643_1.fastq
Approx 90% complete for DRR076643_1.fastq
Approx 95% complete for DRR076643_1.fastq
Started analysis of DRR076643_2.fastq
Approx 5% complete for DRR076643_2.fastq
Approx 10% complete for DRR076643_2.fastq
Approx 15% complete for DRR076643_2.fastq
Approx 20% complete for DRR076643_2.fastq
Approx 25% complete for DRR076643_2.fastq
Approx 30% complete for DRR076643_2.fastq
Approx 35% complete for DRR076643_2.fastq
Approx 40% complete for DRR076643_2.fastq
Approx 45% complete for DRR076643_2.fastq
Approx 50% complete for DRR076643_2.fastq
Approx 55% complete for DRR076643_2.fastq
Approx 60% complete for DRR076643_2.fastq
Approx 65% complete for DRR076643_2.fastq
Approx 70% complete for DRR076643_2.fastq
Approx 75% complete for DRR076643_2.fastq
Approx 80% complete for DRR076643_2.fastq
Approx 85% complete for DRR076643_2.fastq
Approx 90% complete for DRR076643_2.fastq
Approx 95% complete for DRR076643_2.fastq
