spots read      : 28,286,296
reads read      : 56,572,592
reads written   : 56,572,592
spots read      : 36,203,140
reads read      : 72,406,280
reads written   : 72,406,280
spots read      : 31,948,322
reads read      : 63,896,644
reads written   : 63,896,644
spots read      : 33,679,324
reads read      : 67,358,648
reads written   : 67,358,648
spots read      : 36,373,599
reads read      : 72,747,198
reads written   : 72,747,198
spots read      : 35,249,927
reads read      : 70,499,854
reads written   : 70,499,854
spots read      : 32,189,903
reads read      : 64,379,806
reads written   : 64,379,806
spots read      : 29,452,138
reads read      : 58,904,276
reads written   : 58,904,276
spots read      : 32,465,259
reads read      : 64,930,518
reads written   : 64,930,518
spots read      : 29,249,836
reads read      : 58,499,672
reads written   : 58,499,672
spots read      : 35,245,099
reads read      : 70,490,198
reads written   : 70,490,198
spots read      : 31,645,091
reads read      : 63,290,182
reads written   : 63,290,182
spots read      : 33,854,099
reads read      : 67,708,198
reads written   : 67,708,198
spots read      : 30,672,534
reads read      : 61,345,068
reads written   : 61,345,068
spots read      : 27,544,625
reads read      : 55,089,250
reads written   : 55,089,250
spots read      : 31,597,355
reads read      : 63,194,710
reads written   : 63,194,710
spots read      : 30,875,672
reads read      : 61,751,344
reads written   : 61,751,344
spots read      : 30,523,687
reads read      : 61,047,374
reads written   : 61,047,374
spots read      : 28,313,710
reads read      : 56,627,420
reads written   : 56,627,420
spots read      : 27,921,827
reads read      : 55,843,654
reads written   : 55,843,654
spots read      : 26,422,592
reads read      : 52,845,184
reads written   : 52,845,184
spots read      : 31,882,254
reads read      : 63,764,508
reads written   : 63,764,508
spots read      : 33,338,864
reads read      : 66,677,728
reads written   : 66,677,728
spots read      : 28,256,988
reads read      : 56,513,976
reads written   : 56,513,976
spots read      : 29,617,685
reads read      : 59,235,370
reads written   : 59,235,370
spots read      : 29,754,612
reads read      : 59,509,224
reads written   : 59,509,224
spots read      : 31,057,962
reads read      : 62,115,924
reads written   : 62,115,924
