spots read      : 23,265,578
reads read      : 46,531,156
reads written   : 23,265,578
reads 0-length  : 23,265,578
spots read      : 22,102,973
reads read      : 44,205,946
reads written   : 22,102,973
reads 0-length  : 22,102,973
spots read      : 21,063,944
reads read      : 42,127,888
reads written   : 21,063,944
reads 0-length  : 21,063,944
spots read      : 20,183,229
reads read      : 40,366,458
reads written   : 20,183,229
reads 0-length  : 20,183,229
spots read      : 15,313,274
reads read      : 30,626,548
reads written   : 15,313,274
reads 0-length  : 15,313,274
spots read      : 17,076,327
reads read      : 34,152,654
reads written   : 17,076,327
reads 0-length  : 17,076,327
spots read      : 21,746,227
reads read      : 43,492,454
reads written   : 21,746,227
reads 0-length  : 21,746,227
spots read      : 21,527,766
reads read      : 43,055,532
reads written   : 21,527,766
reads 0-length  : 21,527,766
spots read      : 19,643,646
reads read      : 39,287,292
reads written   : 19,643,646
reads 0-length  : 19,643,646
spots read      : 21,499,622
reads read      : 42,999,244
reads written   : 21,499,622
reads 0-length  : 21,499,622
spots read      : 19,120,201
reads read      : 38,240,402
reads written   : 19,120,201
reads 0-length  : 19,120,201
spots read      : 14,892,984
reads read      : 29,785,968
reads written   : 14,892,984
reads 0-length  : 14,892,984
spots read      : 10,738,945
reads read      : 21,477,890
reads written   : 10,738,945
reads 0-length  : 10,738,945
spots read      : 21,723,027
reads read      : 43,446,054
reads written   : 21,723,027
reads 0-length  : 21,723,027
spots read      : 24,248,744
reads read      : 48,497,488
reads written   : 24,248,744
reads 0-length  : 24,248,744
spots read      : 22,700,074
reads read      : 45,400,148
reads written   : 22,700,074
reads 0-length  : 22,700,074
spots read      : 21,624,203
reads read      : 43,248,406
reads written   : 21,624,203
reads 0-length  : 21,624,203
spots read      : 20,295,215
reads read      : 40,590,430
reads written   : 20,295,215
reads 0-length  : 20,295,215
spots read      : 18,917,889
reads read      : 37,835,778
reads written   : 18,917,889
reads 0-length  : 18,917,889
spots read      : 18,623,075
reads read      : 37,246,150
reads written   : 18,623,075
reads 0-length  : 18,623,075
spots read      : 19,685,179
reads read      : 39,370,358
reads written   : 19,685,179
reads 0-length  : 19,685,179
spots read      : 19,879,179
reads read      : 39,758,358
reads written   : 19,879,179
reads 0-length  : 19,879,179
spots read      : 20,911,393
reads read      : 41,822,786
reads written   : 20,911,393
reads 0-length  : 20,911,393
spots read      : 18,261,826
reads read      : 36,523,652
reads written   : 18,261,826
reads 0-length  : 18,261,826
spots read      : 21,664,848
reads read      : 43,329,696
reads written   : 21,664,848
reads 0-length  : 21,664,848
spots read      : 22,679,563
reads read      : 45,359,126
reads written   : 22,679,563
reads 0-length  : 22,679,563
spots read      : 18,459,388
reads read      : 36,918,776
reads written   : 18,459,388
reads 0-length  : 18,459,388
spots read      : 24,049,661
reads read      : 48,099,322
reads written   : 24,049,661
reads 0-length  : 24,049,661
spots read      : 18,954,387
reads read      : 37,908,774
reads written   : 18,954,387
reads 0-length  : 18,954,387
spots read      : 21,848,336
reads read      : 43,696,672
reads written   : 21,848,336
reads 0-length  : 21,848,336
spots read      : 9,761,202
reads read      : 19,522,404
reads written   : 9,761,202
reads 0-length  : 9,761,202
spots read      : 180,104,953
reads read      : 360,209,906
reads written   : 360,209,906
spots read      : 98,742,288
reads read      : 197,484,576
reads written   : 197,484,576
spots read      : 108,852,821
reads read      : 217,705,642
reads written   : 217,705,642
spots read      : 108,416,583
reads read      : 216,833,166
reads written   : 216,833,166
spots read      : 108,570,771
reads read      : 217,141,542
reads written   : 217,141,542
spots read      : 109,186,530
reads read      : 218,373,060
reads written   : 218,373,060
spots read      : 109,331,920
reads read      : 218,663,840
reads written   : 218,663,840
spots read      : 109,659,981
reads read      : 219,319,962
reads written   : 219,319,962
spots read      : 109,879,192
reads read      : 219,758,384
reads written   : 219,758,384
spots read      : 82,239,237
reads read      : 164,478,474
reads written   : 164,478,474
spots read      : 109,390,613
reads read      : 218,781,226
reads written   : 218,781,226
spots read      : 110,022,294
reads read      : 220,044,588
reads written   : 220,044,588
spots read      : 109,844,424
reads read      : 219,688,848
reads written   : 219,688,848
spots read      : 108,383,911
reads read      : 216,767,822
reads written   : 216,767,822
spots read      : 109,131,809
reads read      : 218,263,618
reads written   : 218,263,618
spots read      : 108,340,378
reads read      : 216,680,756
reads written   : 216,680,756
spots read      : 109,208,595
reads read      : 218,417,190
reads written   : 218,417,190
spots read      : 108,833,077
reads read      : 217,666,154
reads written   : 217,666,154
spots read      : 109,796,863
reads read      : 219,593,726
reads written   : 219,593,726
spots read      : 109,617,363
reads read      : 219,234,726
reads written   : 219,234,726
spots read      : 109,962,588
reads read      : 219,925,176
reads written   : 219,925,176
spots read      : 109,616,988
reads read      : 219,233,976
reads written   : 219,233,976
spots read      : 108,937,700
reads read      : 217,875,400
reads written   : 217,875,400
