
[quant] fragment length distribution is truncated gaussian with mean = 40, sd = 2
[index] k-mer length: 31
[index] number of targets: 0
[index] number of k-mers: 0
[index] number of equivalence classes: 0
[quant] running in single-end mode
[quant] will process file 1: /work/FAC/FBM/DEE/mrobinso/default/pminguet/Projects/2025_TestingPipelines/02_TrimGalore_Sequences/00_Protobothrops-mucrosquamatus_PRJDB4386_TrimG/Single/DRR049635_trimmed.fq
[quant] will process file 2: /work/FAC/FBM/DEE/mrobinso/default/pminguet/Projects/2025_TestingPipelines/02_TrimGalore_Sequences/00_Protobothrops-mucrosquamatus_PRJDB4386_TrimG/Single/DRR049636_trimmed.fq
[quant] will process file 3: /work/FAC/FBM/DEE/mrobinso/default/pminguet/Projects/2025_TestingPipelines/02_TrimGalore_Sequences/00_Protobothrops-mucrosquamatus_PRJDB4386_TrimG/Single/DRR049637_trimmed.fq
[quant] will process file 4: /work/FAC/FBM/DEE/mrobinso/default/pminguet/Projects/2025_TestingPipelines/02_TrimGalore_Sequences/00_Protobothrops-mucrosquamatus_PRJDB4386_TrimG/Single/DRR049638_trimmed.fq
[quant] will process file 5: /work/FAC/FBM/DEE/mrobinso/default/pminguet/Projects/2025_TestingPipelines/02_TrimGalore_Sequences/00_Protobothrops-mucrosquamatus_PRJDB4386_TrimG/Single/DRR049639_trimmed.fq
[quant] will process file 6: /work/FAC/FBM/DEE/mrobinso/default/pminguet/Projects/2025_TestingPipelines/02_TrimGalore_Sequences/00_Protobothrops-mucrosquamatus_PRJDB4386_TrimG/Single/DRR049640_trimmed.fq
[quant] will process file 7: /work/FAC/FBM/DEE/mrobinso/default/pminguet/Projects/2025_TestingPipelines/02_TrimGalore_Sequences/00_Protobothrops-mucrosquamatus_PRJDB4386_TrimG/Single/DRR049641_trimmed.fq
[quant] will process file 8: /work/FAC/FBM/DEE/mrobinso/default/pminguet/Projects/2025_TestingPipelines/02_TrimGalore_Sequences/00_Protobothrops-mucrosquamatus_PRJDB4386_TrimG/Single/DRR049642_trimmed.fq
[quant] will process file 9: /work/FAC/FBM/DEE/mrobinso/default/pminguet/Projects/2025_TestingPipelines/02_TrimGalore_Sequences/00_Protobothrops-mucrosquamatus_PRJDB4386_TrimG/Single/DRR049643_trimmed.fq
[quant] will process file 10: /work/FAC/FBM/DEE/mrobinso/default/pminguet/Projects/2025_TestingPipelines/02_TrimGalore_Sequences/00_Protobothrops-mucrosquamatus_PRJDB4386_TrimG/Single/DRR049644_trimmed.fq
[quant] will process file 11: /work/FAC/FBM/DEE/mrobinso/default/pminguet/Projects/2025_TestingPipelines/02_TrimGalore_Sequences/00_Protobothrops-mucrosquamatus_PRJDB4386_TrimG/Single/DRR049645_trimmed.fq
[quant] will process file 12: /work/FAC/FBM/DEE/mrobinso/default/pminguet/Projects/2025_TestingPipelines/02_TrimGalore_Sequences/00_Protobothrops-mucrosquamatus_PRJDB4386_TrimG/Single/DRR049646_trimmed.fq
[quant] will process file 13: /work/FAC/FBM/DEE/mrobinso/default/pminguet/Projects/2025_TestingPipelines/02_TrimGalore_Sequences/00_Protobothrops-mucrosquamatus_PRJDB4386_TrimG/Single/DRR049647_trimmed.fq
[quant] will process file 14: /work/FAC/FBM/DEE/mrobinso/default/pminguet/Projects/2025_TestingPipelines/02_TrimGalore_Sequences/00_Protobothrops-mucrosquamatus_PRJDB4386_TrimG/Single/DRR049648_trimmed.fq
[quant] will process file 15: /work/FAC/FBM/DEE/mrobinso/default/pminguet/Projects/2025_TestingPipelines/02_TrimGalore_Sequences/00_Protobothrops-mucrosquamatus_PRJDB4386_TrimG/Single/DRR049649_trimmed.fq
[quant] will process file 16: /work/FAC/FBM/DEE/mrobinso/default/pminguet/Projects/2025_TestingPipelines/02_TrimGalore_Sequences/00_Protobothrops-mucrosquamatus_PRJDB4386_TrimG/Single/DRR049650_trimmed.fq
[quant] will process file 17: /work/FAC/FBM/DEE/mrobinso/default/pminguet/Projects/2025_TestingPipelines/02_TrimGalore_Sequences/00_Protobothrops-mucrosquamatus_PRJDB4386_TrimG/Single/DRR049651_trimmed.fq
[quant] will process file 18: /work/FAC/FBM/DEE/mrobinso/default/pminguet/Projects/2025_TestingPipelines/02_TrimGalore_Sequences/00_Protobothrops-mucrosquamatus_PRJDB4386_TrimG/Single/DRR049652_trimmed.fq
[quant] will process file 19: /work/FAC/FBM/DEE/mrobinso/default/pminguet/Projects/2025_TestingPipelines/02_TrimGalore_Sequences/00_Protobothrops-mucrosquamatus_PRJDB4386_TrimG/Single/DRR049653_trimmed.fqHDF5-DIAG: Error detected in HDF5 (1.14.3) thread 0:
  #000: /tmp/dcsrsoft/spack-stage/spack-stage-hdf5-1.14.3-xoz5chvya7pjhr2zsdzmsdmiyq4svi5v/spack-src/src/H5Pdcpl.c line 1939 in H5Pset_chunk(): all chunk dimensions must be positive
    major: Invalid arguments to routine
    minor: Out of range
HDF5-DIAG: Error detected in HDF5 (1.14.3) thread 0:
  #000: /tmp/dcsrsoft/spack-stage/spack-stage-hdf5-1.14.3-xoz5chvya7pjhr2zsdzmsdmiyq4svi5v/spack-src/src/H5D.c line 187 in H5Dcreate2(): unable to synchronously create dataset
    major: Dataset
    minor: Unable to create file
  #001: /tmp/dcsrsoft/spack-stage/spack-stage-hdf5-1.14.3-xoz5chvya7pjhr2zsdzmsdmiyq4svi5v/spack-src/src/H5D.c line 135 in H5D__create_api_common(): unable to create dataset
    major: Dataset
    minor: Unable to create file
  #002: /tmp/dcsrsoft/spack-stage/spack-stage-hdf5-1.14.3-xoz5chvya7pjhr2zsdzmsdmiyq4svi5v/spack-src/src/H5VLcallback.c line 1876 in H5VL_dataset_create(): dataset create failed
    major: Virtual Object Layer
    minor: Unable to create file
  #003: /tmp/dcsrsoft/spack-stage/spack-stage-hdf5-1.14.3-xoz5chvya7pjhr2zsdzmsdmiyq4svi5v/spack-src/src/H5VLcallback.c line 1841 in H5VL__dataset_create(): dataset create failed
    major: Virtual Object Layer
    minor: Unable to create file
  #004: /tmp/dcsrsoft/spack-stage/spack-stage-hdf5-1.14.3-xoz5chvya7pjhr2zsdzmsdmiyq4svi5v/spack-src/src/H5VLnative_dataset.c line 281 in H5VL__native_dataset_create(): unable to create dataset
    major: Dataset
    minor: Unable to initialize object
  #005: /tmp/dcsrsoft/spack-stage/spack-stage-hdf5-1.14.3-xoz5chvya7pjhr2zsdzmsdmiyq4svi5v/spack-src/src/H5Dint.c line 350 in H5D__create_named(): unable to create and link to dataset
    major: Dataset
    minor: Unable to initialize object
  #006: /tmp/dcsrsoft/spack-stage/spack-stage-hdf5-1.14.3-xoz5chvya7pjhr2zsdzmsdmiyq4svi5v/spack-src/src/H5Lint.c line 492 in H5L_link_object(): unable to create new link to object
    major: Links
    minor: Unable to initialize object
  #007: /tmp/dcsrsoft/spack-stage/spack-stage-hdf5-1.14.3-xoz5chvya7pjhr2zsdzmsdmiyq4svi5v/spack-src/src/H5Lint.c line 729 in H5L__create_real(): can't insert link
    major: Links
    minor: Unable to insert object
  #008: /tmp/dcsrsoft/spack-stage/spack-stage-hdf5-1.14.3-xoz5chvya7pjhr2zsdzmsdmiyq4svi5v/spack-src/src/H5Gtraverse.c line 816 in H5G_traverse(): internal path traversal failed
    major: Symbol table
    minor: Object not found
  #009: /tmp/dcsrsoft/spack-stage/spack-stage-hdf5-1.14.3-xoz5chvya7pjhr2zsdzmsdmiyq4svi5v/spack-src/src/H5Gtraverse.c line 596 in H5G__traverse_real(): traversal operator failed
    major: Symbol table
    minor: Callback failed
  #010: /tmp/dcsrsoft/spack-stage/spack-stage-hdf5-1.14.3-xoz5chvya7pjhr2zsdzmsdmiyq4svi5v/spack-src/src/H5Lint.c line 537 in H5L__link_cb(): unable to create object
    major: Links
    minor: Unable to initialize object
  #011: /tmp/dcsrsoft/spack-stage/spack-stage-hdf5-1.14.3-xoz5chvya7pjhr2zsdzmsdmiyq4svi5v/spack-src/src/H5Oint.c line 2347 in H5O_obj_create(): unable to open object
    major: Object header
    minor: Can't open object
  #012: /tmp/dcsrsoft/spack-stage/spack-stage-hdf5-1.14.3-xoz5chvya7pjhr2zsdzmsdmiyq4svi5v/spack-src/src/H5Doh.c line 273 in H5O__dset_create(): unable to create dataset
    major: Dataset
    minor: Unable to initialize object
  #013: /tmp/dcsrsoft/spack-stage/spack-stage-hdf5-1.14.3-xoz5chvya7pjhr2zsdzmsdmiyq4svi5v/spack-src/src/H5Dint.c line 1245 in H5D__create(): filters can only be used with chunked layout
    major: Dataset
    minor: Bad value
HDF5-DIAG: Error detected in HDF5 (1.14.3) thread 0:
  #000: /tmp/dcsrsoft/spack-stage/spack-stage-hdf5-1.14.3-xoz5chvya7pjhr2zsdzmsdmiyq4svi5v/spack-src/src/H5D.c line 1371 in H5Dwrite(): can't synchronously write data
    major: Dataset
    minor: Write failed
  #001: /tmp/dcsrsoft/spack-stage/spack-stage-hdf5-1.14.3-xoz5chvya7pjhr2zsdzmsdmiyq4svi5v/spack-src/src/H5D.c line 1286 in H5D__write_api_common(): dset_id is not a dataset ID
    major: Invalid arguments to routine
    minor: Inappropriate type
HDF5-DIAG: Error detected in HDF5 (1.14.3) thread 0:
  #000: /tmp/dcsrsoft/spack-stage/spack-stage-hdf5-1.14.3-xoz5chvya7pjhr2zsdzmsdmiyq4svi5v/spack-src/src/H5D.c line 475 in H5Dclose(): not a dataset ID
    major: Invalid arguments to routine
    minor: Inappropriate type
HDF5-DIAG: Error detected in HDF5 (1.14.3) thread 0:
  #000: /tmp/dcsrsoft/spack-stage/spack-stage-hdf5-1.14.3-xoz5chvya7pjhr2zsdzmsdmiyq4svi5v/spack-src/src/H5Pdcpl.c line 1939 in H5Pset_chunk(): all chunk dimensions must be positive
    major: Invalid arguments to routine
    minor: Out of range
HDF5-DIAG: Error detected in HDF5 (1.14.3) thread 0:
  #000: /tmp/dcsrsoft/spack-stage/spack-stage-hdf5-1.14.3-xoz5chvya7pjhr2zsdzmsdmiyq4svi5v/spack-src/src/H5D.c line 187 in H5Dcreate2(): unable to synchronously create dataset
    major: Dataset
    minor: Unable to create file
  #001: /tmp/dcsrsoft/spack-stage/spack-stage-hdf5-1.14.3-xoz5chvya7pjhr2zsdzmsdmiyq4svi5v/spack-src/src/H5D.c line 135 in H5D__create_api_common(): unable to create dataset
    major: Dataset
    minor: Unable to create file
  #002: /tmp/dcsrsoft/spack-stage/spack-stage-hdf5-1.14.3-xoz5chvya7pjhr2zsdzmsdmiyq4svi5v/spack-src/src/H5VLcallback.c line 1876 in H5VL_dataset_create(): dataset create failed
    major: Virtual Object Layer
    minor: Unable to create file
  #003: /tmp/dcsrsoft/spack-stage/spack-stage-hdf5-1.14.3-xoz5chvya7pjhr2zsdzmsdmiyq4svi5v/spack-src/src/H5VLcallback.c line 1841 in H5VL__dataset_create(): dataset create failed
    major: Virtual Object Layer
    minor: Unable to create file
  #004: /tmp/dcsrsoft/spack-stage/spack-stage-hdf5-1.14.3-xoz5chvya7pjhr2zsdzmsdmiyq4svi5v/spack-src/src/H5VLnative_dataset.c line 281 in H5VL__native_dataset_create(): unable to create dataset
    major: Dataset
    minor: Unable to initialize object
  #005: /tmp/dcsrsoft/spack-stage/spack-stage-hdf5-1.14.3-xoz5chvya7pjhr2zsdzmsdmiyq4svi5v/spack-src/src/H5Dint.c line 350 in H5D__create_named(): unable to create and link to dataset
    major: Dataset
    minor: Unable to initialize object
  #006: /tmp/dcsrsoft/spack-stage/spack-stage-hdf5-1.14.3-xoz5chvya7pjhr2zsdzmsdmiyq4svi5v/spack-src/src/H5Lint.c line 492 in H5L_link_object(): unable to create new link to object
    major: Links
    minor: Unable to initialize object
  #007: /tmp/dcsrsoft/spack-stage/spack-stage-hdf5-1.14.3-xoz5chvya7pjhr2zsdzmsdmiyq4svi5v/spack-src/src/H5Lint.c line 729 in H5L__create_real(): can't insert link
    major: Links
    minor: Unable to insert object
  #008: /tmp/dcsrsoft/spack-stage/spack-stage-hdf5-1.14.3-xoz5chvya7pjhr2zsdzmsdmiyq4svi5v/spack-src/src/H5Gtraverse.c line 816 in H5G_traverse(): internal path traversal failed
    major: Symbol table
    minor: Object not found
  #009: /tmp/dcsrsoft/spack-stage/spack-stage-hdf5-1.14.3-xoz5chvya7pjhr2zsdzmsdmiyq4svi5v/spack-src/src/H5Gtraverse.c line 596 in H5G__traverse_real(): traversal operator failed
    major: Symbol table
    minor: Callback failed
  #010: /tmp/dcsrsoft/spack-stage/spack-stage-hdf5-1.14.3-xoz5chvya7pjhr2zsdzmsdmiyq4svi5v/spack-src/src/H5Lint.c line 537 in H5L__link_cb(): unable to create object
    major: Links
    minor: Unable to initialize object
  #011: /tmp/dcsrsoft/spack-stage/spack-stage-hdf5-1.14.3-xoz5chvya7pjhr2zsdzmsdmiyq4svi5v/spack-src/src/H5Oint.c line 2347 in H5O_obj_create(): unable to open object
    major: Object header
    minor: Can't open object
  #012: /tmp/dcsrsoft/spack-stage/spack-stage-hdf5-1.14.3-xoz5chvya7pjhr2zsdzmsdmiyq4svi5v/spack-src/src/H5Doh.c line 273 in H5O__dset_create(): unable to create dataset
    major: Dataset
    minor: Unable to initialize object
  #013: /tmp/dcsrsoft/spack-stage/spack-stage-hdf5-1.14.3-xoz5chvya7pjhr2zsdzmsdmiyq4svi5v/spack-src/src/H5Dint.c line 1245 in H5D__create(): filters can only be used with chunked layout
    major: Dataset
    minor: Bad value
HDF5-DIAG: Error detected in HDF5 (1.14.3) thread 0:
  #000: /tmp/dcsrsoft/spack-stage/spack-stage-hdf5-1.14.3-xoz5chvya7pjhr2zsdzmsdmiyq4svi5v/spack-src/src/H5D.c line 1371 in H5Dwrite(): can't synchronously write data
    major: Dataset
    minor: Write failed
  #001: /tmp/dcsrsoft/spack-stage/spack-stage-hdf5-1.14.3-xoz5chvya7pjhr2zsdzmsdmiyq4svi5v/spack-src/src/H5D.c line 1286 in H5D__write_api_common(): dset_id is not a dataset ID
    major: Invalid arguments to routine
    minor: Inappropriate type
HDF5-DIAG: Error detected in HDF5 (1.14.3) thread 0:
  #000: /tmp/dcsrsoft/spack-stage/spack-stage-hdf5-1.14.3-xoz5chvya7pjhr2zsdzmsdmiyq4svi5v/spack-src/src/H5D.c line 475 in H5Dclose(): not a dataset ID
    major: Invalid arguments to routine
    minor: Inappropriate type
HDF5-DIAG: Error detected in HDF5 (1.14.3) thread 0:
  #000: /tmp/dcsrsoft/spack-stage/spack-stage-hdf5-1.14.3-xoz5chvya7pjhr2zsdzmsdmiyq4svi5v/spack-src/src/H5Pdcpl.c line 1939 in H5Pset_chunk(): all chunk dimensions must be positive
    major: Invalid arguments to routine
    minor: Out of range
HDF5-DIAG: Error detected in HDF5 (1.14.3) thread 0:
  #000: /tmp/dcsrsoft/spack-stage/spack-stage-hdf5-1.14.3-xoz5chvya7pjhr2zsdzmsdmiyq4svi5v/spack-src/src/H5D.c line 187 in H5Dcreate2(): unable to synchronously create dataset
    major: Dataset
    minor: Unable to create file
  #001: /tmp/dcsrsoft/spack-stage/spack-stage-hdf5-1.14.3-xoz5chvya7pjhr2zsdzmsdmiyq4svi5v/spack-src/src/H5D.c line 135 in H5D__create_api_common(): unable to create dataset
    major: Dataset
    minor: Unable to create file
  #002: /tmp/dcsrsoft/spack-stage/spack-stage-hdf5-1.14.3-xoz5chvya7pjhr2zsdzmsdmiyq4svi5v/spack-src/src/H5VLcallback.c line 1876 in H5VL_dataset_create(): dataset create failed
    major: Virtual Object Layer
    minor: Unable to create file
  #003: /tmp/dcsrsoft/spack-stage/spack-stage-hdf5-1.14.3-xoz5chvya7pjhr2zsdzmsdmiyq4svi5v/spack-src/src/H5VLcallback.c line 1841 in H5VL__dataset_create(): dataset create failed
    major: Virtual Object Layer
    minor: Unable to create file
  #004: /tmp/dcsrsoft/spack-stage/spack-stage-hdf5-1.14.3-xoz5chvya7pjhr2zsdzmsdmiyq4svi5v/spack-src/src/H5VLnative_dataset.c line 281 in H5VL__native_dataset_create(): unable to create dataset
    major: Dataset
    minor: Unable to initialize object
  #005: /tmp/dcsrsoft/spack-stage/spack-stage-hdf5-1.14.3-xoz5chvya7pjhr2zsdzmsdmiyq4svi5v/spack-src/src/H5Dint.c line 350 in H5D__create_named(): unable to create and link to dataset
    major: Dataset
    minor: Unable to initialize object
  #006: /tmp/dcsrsoft/spack-stage/spack-stage-hdf5-1.14.3-xoz5chvya7pjhr2zsdzmsdmiyq4svi5v/spack-src/src/H5Lint.c line 492 in H5L_link_object(): unable to create new link to object
    major: Links
    minor: Unable to initialize object
  #007: /tmp/dcsrsoft/spack-stage/spack-stage-hdf5-1.14.3-xoz5chvya7pjhr2zsdzmsdmiyq4svi5v/spack-src/src/H5Lint.c line 729 in H5L__create_real(): can't insert link
    major: Links
    minor: Unable to insert object
  #008: /tmp/dcsrsoft/spack-stage/spack-stage-hdf5-1.14.3-xoz5chvya7pjhr2zsdzmsdmiyq4svi5v/spack-src/src/H5Gtraverse.c line 816 in H5G_traverse(): internal path traversal failed
    major: Symbol table
    minor: Object not found
  #009: /tmp/dcsrsoft/spack-stage/spack-stage-hdf5-1.14.3-xoz5chvya7pjhr2zsdzmsdmiyq4svi5v/spack-src/src/H5Gtraverse.c line 596 in H5G__traverse_real(): traversal operator failed
    major: Symbol table
    minor: Callback failed
  #010: /tmp/dcsrsoft/spack-stage/spack-stage-hdf5-1.14.3-xoz5chvya7pjhr2zsdzmsdmiyq4svi5v/spack-src/src/H5Lint.c line 537 in H5L__link_cb(): unable to create object
    major: Links
    minor: Unable to initialize object
  #011: /tmp/dcsrsoft/spack-stage/spack-stage-hdf5-1.14.3-xoz5chvya7pjhr2zsdzmsdmiyq4svi5v/spack-src/src/H5Oint.c line 2347 in H5O_obj_create(): unable to open object
    major: Object header
    minor: Can't open object
  #012: /tmp/dcsrsoft/spack-stage/spack-stage-hdf5-1.14.3-xoz5chvya7pjhr2zsdzmsdmiyq4svi5v/spack-src/src/H5Doh.c line 273 in H5O__dset_create(): unable to create dataset
    major: Dataset
    minor: Unable to initialize object
  #013: /tmp/dcsrsoft/spack-stage/spack-stage-hdf5-1.14.3-xoz5chvya7pjhr2zsdzmsdmiyq4svi5v/spack-src/src/H5Dint.c line 1245 in H5D__create(): filters can only be used with chunked layout
    major: Dataset
    minor: Bad value
HDF5-DIAG: Error detected in HDF5 (1.14.3) thread 0:
  #000: /tmp/dcsrsoft/spack-stage/spack-stage-hdf5-1.14.3-xoz5chvya7pjhr2zsdzmsdmiyq4svi5v/spack-src/src/H5D.c line 1371 in H5Dwrite(): can't synchronously write data
    major: Dataset
    minor: Write failed
  #001: /tmp/dcsrsoft/spack-stage/spack-stage-hdf5-1.14.3-xoz5chvya7pjhr2zsdzmsdmiyq4svi5v/spack-src/src/H5D.c line 1286 in H5D__write_api_common(): dset_id is not a dataset ID
    major: Invalid arguments to routine
    minor: Inappropriate type
HDF5-DIAG: Error detected in HDF5 (1.14.3) thread 0:
  #000: /tmp/dcsrsoft/spack-stage/spack-stage-hdf5-1.14.3-xoz5chvya7pjhr2zsdzmsdmiyq4svi5v/spack-src/src/H5D.c line 475 in H5Dclose(): not a dataset ID
    major: Invalid arguments to routine
    minor: Inappropriate type
HDF5-DIAG: Error detected in HDF5 (1.14.3) thread 0:
  #000: /tmp/dcsrsoft/spack-stage/spack-stage-hdf5-1.14.3-xoz5chvya7pjhr2zsdzmsdmiyq4svi5v/spack-src/src/H5Pdcpl.c line 1939 in H5Pset_chunk(): all chunk dimensions must be positive
    major: Invalid arguments to routine
    minor: Out of range
HDF5-DIAG: Error detected in HDF5 (1.14.3) thread 0:
  #000: /tmp/dcsrsoft/spack-stage/spack-stage-hdf5-1.14.3-xoz5chvya7pjhr2zsdzmsdmiyq4svi5v/spack-src/src/H5D.c line 187 in H5Dcreate2(): unable to synchronously create dataset
    major: Dataset
    minor: Unable to create file
  #001: /tmp/dcsrsoft/spack-stage/spack-stage-hdf5-1.14.3-xoz5chvya7pjhr2zsdzmsdmiyq4svi5v/spack-src/src/H5D.c line 135 in H5D__create_api_common(): unable to create dataset
    major: Dataset
    minor: Unable to create file
  #002: /tmp/dcsrsoft/spack-stage/spack-stage-hdf5-1.14.3-xoz5chvya7pjhr2zsdzmsdmiyq4svi5v/spack-src/src/H5VLcallback.c line 1876 in H5VL_dataset_create(): dataset create failed
    major: Virtual Object Layer
    minor: Unable to create file
  #003: /tmp/dcsrsoft/spack-stage/spack-stage-hdf5-1.14.3-xoz5chvya7pjhr2zsdzmsdmiyq4svi5v/spack-src/src/H5VLcallback.c line 1841 in H5VL__dataset_create(): dataset create failed
    major: Virtual Object Layer
    minor: Unable to create file
  #004: /tmp/dcsrsoft/spack-stage/spack-stage-hdf5-1.14.3-xoz5chvya7pjhr2zsdzmsdmiyq4svi5v/spack-src/src/H5VLnative_dataset.c line 281 in H5VL__native_dataset_create(): unable to create dataset
    major: Dataset
    minor: Unable to initialize object
  #005: /tmp/dcsrsoft/spack-stage/spack-stage-hdf5-1.14.3-xoz5chvya7pjhr2zsdzmsdmiyq4svi5v/spack-src/src/H5Dint.c line 350 in H5D__create_named(): unable to create and link to dataset
    major: Dataset
    minor: Unable to initialize object
  #006: /tmp/dcsrsoft/spack-stage/spack-stage-hdf5-1.14.3-xoz5chvya7pjhr2zsdzmsdmiyq4svi5v/spack-src/src/H5Lint.c line 492 in H5L_link_object(): unable to create new link to object
    major: Links
    minor: Unable to initialize object
  #007: /tmp/dcsrsoft/spack-stage/spack-stage-hdf5-1.14.3-xoz5chvya7pjhr2zsdzmsdmiyq4svi5v/spack-src/src/H5Lint.c line 729 in H5L__create_real(): can't insert link
    major: Links
    minor: Unable to insert object
  #008: /tmp/dcsrsoft/spack-stage/spack-stage-hdf5-1.14.3-xoz5chvya7pjhr2zsdzmsdmiyq4svi5v/spack-src/src/H5Gtraverse.c line 816 in H5G_traverse(): internal path traversal failed
    major: Symbol table
    minor: Object not found
  #009: /tmp/dcsrsoft/spack-stage/spack-stage-hdf5-1.14.3-xoz5chvya7pjhr2zsdzmsdmiyq4svi5v/spack-src/src/H5Gtraverse.c line 596 in H5G__traverse_real(): traversal operator failed
    major: Symbol table
    minor: Callback failed
  #010: /tmp/dcsrsoft/spack-stage/spack-stage-hdf5-1.14.3-xoz5chvya7pjhr2zsdzmsdmiyq4svi5v/spack-src/src/H5Lint.c line 537 in H5L__link_cb(): unable to create object
    major: Links
    minor: Unable to initialize object
  #011: /tmp/dcsrsoft/spack-stage/spack-stage-hdf5-1.14.3-xoz5chvya7pjhr2zsdzmsdmiyq4svi5v/spack-src/src/H5Oint.c line 2347 in H5O_obj_create(): unable to open object
    major: Object header
    minor: Can't open object
  #012: /tmp/dcsrsoft/spack-stage/spack-stage-hdf5-1.14.3-xoz5chvya7pjhr2zsdzmsdmiyq4svi5v/spack-src/src/H5Doh.c line 273 in H5O__dset_create(): unable to create dataset
    major: Dataset
    minor: Unable to initialize object
  #013: /tmp/dcsrsoft/spack-stage/spack-stage-hdf5-1.14.3-xoz5chvya7pjhr2zsdzmsdmiyq4svi5v/spack-src/src/H5Dint.c line 1245 in H5D__create(): filters can only be used with chunked layout
    major: Dataset
    minor: Bad value
HDF5-DIAG: Error detected in HDF5 (1.14.3) thread 0:
  #000: /tmp/dcsrsoft/spack-stage/spack-stage-hdf5-1.14.3-xoz5chvya7pjhr2zsdzmsdmiyq4svi5v/spack-src/src/H5D.c line 1371 in H5Dwrite(): can't synchronously write data
    major: Dataset
    minor: Write failed
  #001: /tmp/dcsrsoft/spack-stage/spack-stage-hdf5-1.14.3-xoz5chvya7pjhr2zsdzmsdmiyq4svi5v/spack-src/src/H5D.c line 1286 in H5D__write_api_common(): dset_id is not a dataset ID
    major: Invalid arguments to routine
    minor: Inappropriate type
HDF5-DIAG: Error detected in HDF5 (1.14.3) thread 0:
  #000: /tmp/dcsrsoft/spack-stage/spack-stage-hdf5-1.14.3-xoz5chvya7pjhr2zsdzmsdmiyq4svi5v/spack-src/src/H5D.c line 475 in H5Dclose(): not a dataset ID
    major: Invalid arguments to routine
    minor: Inappropriate type
