
[quant] fragment length distribution will be estimated from the data
[index] k-mer length: 31
[index] number of targets: 0
[index] number of k-mers: 0
[index] number of equivalence classes: 0
[quant] running in paired-end mode
[quant] will process pair 1: 02_TrimGalore_Sequences/00_Homo-sapiens_PRJNA601418_TrimG/SRR10898041_1_val_1.fq
                             02_TrimGalore_Sequences/00_Homo-sapiens_PRJNA601418_TrimG/SRR10898041_2_val_2.fq
[quant] will process pair 2: 02_TrimGalore_Sequences/00_Homo-sapiens_PRJNA601418_TrimG/SRR10898042_1_val_1.fq
                             02_TrimGalore_Sequences/00_Homo-sapiens_PRJNA601418_TrimG/SRR10898042_2_val_2.fq
[quant] will process pair 3: 02_TrimGalore_Sequences/00_Homo-sapiens_PRJNA601418_TrimG/SRR10898043_1_val_1.fq
                             02_TrimGalore_Sequences/00_Homo-sapiens_PRJNA601418_TrimG/SRR10898043_2_val_2.fq
[quant] will process pair 4: 02_TrimGalore_Sequences/00_Homo-sapiens_PRJNA601418_TrimG/SRR10898044_1_val_1.fq
                             02_TrimGalore_Sequences/00_Homo-sapiens_PRJNA601418_TrimG/SRR10898044_2_val_2.fq
[quant] will process pair 5: 02_TrimGalore_Sequences/00_Homo-sapiens_PRJNA601418_TrimG/SRR10898045_1_val_1.fq
                             02_TrimGalore_Sequences/00_Homo-sapiens_PRJNA601418_TrimG/SRR10898045_2_val_2.fq
[quant] will process pair 6: 02_TrimGalore_Sequences/00_Homo-sapiens_PRJNA601418_TrimG/SRR10898046_1_val_1.fq
                             02_TrimGalore_Sequences/00_Homo-sapiens_PRJNA601418_TrimG/SRR10898046_2_val_2.fq
[quant] will process pair 7: 02_TrimGalore_Sequences/00_Homo-sapiens_PRJNA601418_TrimG/SRR10898047_1_val_1.fq
                             02_TrimGalore_Sequences/00_Homo-sapiens_PRJNA601418_TrimG/SRR10898047_2_val_2.fq
[quant] will process pair 8: 02_TrimGalore_Sequences/00_Homo-sapiens_PRJNA601418_TrimG/SRR10898048_1_val_1.fq
                             02_TrimGalore_Sequences/00_Homo-sapiens_PRJNA601418_TrimG/SRR10898048_2_val_2.fq
[quant] will process pair 9: 02_TrimGalore_Sequences/00_Homo-sapiens_PRJNA601418_TrimG/SRR10898049_1_val_1.fq
                             02_TrimGalore_Sequences/00_Homo-sapiens_PRJNA601418_TrimG/SRR10898049_2_val_2.fq
[quant] will process pair 10: 02_TrimGalore_Sequences/00_Homo-sapiens_PRJNA601418_TrimG/SRR10898050_1_val_1.fq
                             02_TrimGalore_Sequences/00_Homo-sapiens_PRJNA601418_TrimG/SRR10898050_2_val_2.fq
[quant] will process pair 11: 02_TrimGalore_Sequences/00_Homo-sapiens_PRJNA601418_TrimG/SRR10898051_1_val_1.fq
                             02_TrimGalore_Sequences/00_Homo-sapiens_PRJNA601418_TrimG/SRR10898051_2_val_2.fq
[quant] will process pair 12: 02_TrimGalore_Sequences/00_Homo-sapiens_PRJNA601418_TrimG/SRR10898052_1_val_1.fq
                             02_TrimGalore_Sequences/00_Homo-sapiens_PRJNA601418_TrimG/SRR10898052_2_val_2.fq
[quant] will process pair 13: 02_TrimGalore_Sequences/00_Homo-sapiens_PRJNA601418_TrimG/SRR10898053_1_val_1.fq
                             02_TrimGalore_Sequences/00_Homo-sapiens_PRJNA601418_TrimG/SRR10898053_2_val_2.fq
[quant] will process pair 14: 02_TrimGalore_Sequences/00_Homo-sapiens_PRJNA601418_TrimG/SRR10898054_1_val_1.fq
                             02_TrimGalore_Sequences/00_Homo-sapiens_PRJNA601418_TrimG/SRR10898054_2_val_2.fq
[quant] will process pair 15: 02_TrimGalore_Sequences/00_Homo-sapiens_PRJNA601418_TrimG/SRR10898055_1_val_1.fq
                             02_TrimGalore_Sequences/00_Homo-sapiens_PRJNA601418_TrimG/SRR10898055_2_val_2.fq
[quant] will process pair 16: 02_TrimGalore_Sequences/00_Homo-sapiens_PRJNA601418_TrimG/SRR10898056_1_val_1.fq
                             02_TrimGalore_Sequences/00_Homo-sapiens_PRJNA601418_TrimG/SRR10898056_2_val_2.fq
[quant] will process pair 17: 02_TrimGalore_Sequences/00_Homo-sapiens_PRJNA601418_TrimG/SRR10898057_1_val_1.fq
                             02_TrimGalore_Sequences/00_Homo-sapiens_PRJNA601418_TrimG/SRR10898057_2_val_2.fq
[quant] will process pair 18: 02_TrimGalore_Sequences/00_Homo-sapiens_PRJNA601418_TrimG/SRR10898058_1_val_1.fq
                             02_TrimGalore_Sequences/00_Homo-sapiens_PRJNA601418_TrimG/SRR10898058_2_val_2.fq
[quant] will process pair 19: 02_TrimGalore_Sequences/00_Homo-sapiens_PRJNA601418_TrimG/SRR10898059_1_val_1.fq
                             02_TrimGalore_Sequences/00_Homo-sapiens_PRJNA601418_TrimG/SRR10898059_2_val_2.fq
[quant] will process pair 20: 02_TrimGalore_Sequences/00_Homo-sapiens_PRJNA601418_TrimG/SRR10898060_1_val_1.fq
                             02_TrimGalore_Sequences/00_Homo-sapiens_PRJNA601418_TrimG/SRR10898060_2_val_2.fq
[quant] will process pair 21: 02_TrimGalore_Sequences/00_Homo-sapiens_PRJNA601418_TrimG/SRR10898061_1_val_1.fq
                             02_TrimGalore_Sequences/00_Homo-sapiens_PRJNA601418_TrimG/SRR10898061_2_val_2.fq
[quant] will process pair 22: 02_TrimGalore_Sequences/00_Homo-sapiens_PRJNA601418_TrimG/SRR10898063_1_val_1.fq
                             02_TrimGalore_Sequences/00_Homo-sapiens_PRJNA601418_TrimG/SRR10898063_2_val_2.fq
[quant] will process pair 23: 02_TrimGalore_Sequences/00_Homo-sapiens_PRJNA601418_TrimG/SRR10898064_1_val_1.fq
                             02_TrimGalore_Sequences/00_Homo-sapiens_PRJNA601418_TrimG/SRR10898064_2_val_2.fq
[quant] will process pair 24: 02_TrimGalore_Sequences/00_Homo-sapiens_PRJNA601418_TrimG/SRR10898065_1_val_1.fq
                             02_TrimGalore_Sequences/00_Homo-sapiens_PRJNA601418_TrimG/SRR10898065_2_val_2.fq
[quant] will process pair 25: 02_TrimGalore_Sequences/00_Homo-sapiens_PRJNA601418_TrimG/SRR10898066_1_val_1.fq
                             02_TrimGalore_Sequences/00_Homo-sapiens_PRJNA601418_TrimG/SRR10898066_2_val_2.fq
[quant] will process pair 26: 02_TrimGalore_Sequences/00_Homo-sapiens_PRJNA601418_TrimG/SRR10898067_1_val_1.fq
                             02_TrimGalore_Sequences/00_Homo-sapiens_PRJNA601418_TrimG/SRR10898067_2_val_2.fq
[quant] will process pair 27: 02_TrimGalore_Sequences/00_Homo-sapiens_PRJNA601418_TrimG/SRR10898068_1_val_1.fq
                             02_TrimGalore_Sequences/00_Homo-sapiens_PRJNA601418_TrimG/SRR10898068_2_val_2.fq
[quant] finding pseudoalignments for the reads ... done
[quant] learning parameters for sequence specific bias
[quant] processed 840,866,505 reads, 0 reads pseudoaligned
[~warn] no reads pseudoaligned.
[quant] estimated average fragment length: 0
[   em] quantifying the abundances ... done
[   em] the Expectation-Maximization algorithm ran for 52 rounds
HDF5-DIAG: Error detected in HDF5 (1.14.3) thread 0:
  #000: /tmp/dcsrsoft/spack-stage/spack-stage-hdf5-1.14.3-xoz5chvya7pjhr2zsdzmsdmiyq4svi5v/spack-src/src/H5Pdcpl.c line 1939 in H5Pset_chunk(): all chunk dimensions must be positive
    major: Invalid arguments to routine
    minor: Out of range
HDF5-DIAG: Error detected in HDF5 (1.14.3) thread 0:
  #000: /tmp/dcsrsoft/spack-stage/spack-stage-hdf5-1.14.3-xoz5chvya7pjhr2zsdzmsdmiyq4svi5v/spack-src/src/H5D.c line 187 in H5Dcreate2(): unable to synchronously create dataset
    major: Dataset
    minor: Unable to create file
  #001: /tmp/dcsrsoft/spack-stage/spack-stage-hdf5-1.14.3-xoz5chvya7pjhr2zsdzmsdmiyq4svi5v/spack-src/src/H5D.c line 135 in H5D__create_api_common(): unable to create dataset
    major: Dataset
    minor: Unable to create file
  #002: /tmp/dcsrsoft/spack-stage/spack-stage-hdf5-1.14.3-xoz5chvya7pjhr2zsdzmsdmiyq4svi5v/spack-src/src/H5VLcallback.c line 1876 in H5VL_dataset_create(): dataset create failed
    major: Virtual Object Layer
    minor: Unable to create file
  #003: /tmp/dcsrsoft/spack-stage/spack-stage-hdf5-1.14.3-xoz5chvya7pjhr2zsdzmsdmiyq4svi5v/spack-src/src/H5VLcallback.c line 1841 in H5VL__dataset_create(): dataset create failed
    major: Virtual Object Layer
    minor: Unable to create file
  #004: /tmp/dcsrsoft/spack-stage/spack-stage-hdf5-1.14.3-xoz5chvya7pjhr2zsdzmsdmiyq4svi5v/spack-src/src/H5VLnative_dataset.c line 281 in H5VL__native_dataset_create(): unable to create dataset
    major: Dataset
    minor: Unable to initialize object
  #005: /tmp/dcsrsoft/spack-stage/spack-stage-hdf5-1.14.3-xoz5chvya7pjhr2zsdzmsdmiyq4svi5v/spack-src/src/H5Dint.c line 350 in H5D__create_named(): unable to create and link to dataset
    major: Dataset
    minor: Unable to initialize object
  #006: /tmp/dcsrsoft/spack-stage/spack-stage-hdf5-1.14.3-xoz5chvya7pjhr2zsdzmsdmiyq4svi5v/spack-src/src/H5Lint.c line 492 in H5L_link_object(): unable to create new link to object
    major: Links
    minor: Unable to initialize object
  #007: /tmp/dcsrsoft/spack-stage/spack-stage-hdf5-1.14.3-xoz5chvya7pjhr2zsdzmsdmiyq4svi5v/spack-src/src/H5Lint.c line 729 in H5L__create_real(): can't insert link
    major: Links
    minor: Unable to insert object
  #008: /tmp/dcsrsoft/spack-stage/spack-stage-hdf5-1.14.3-xoz5chvya7pjhr2zsdzmsdmiyq4svi5v/spack-src/src/H5Gtraverse.c line 816 in H5G_traverse(): internal path traversal failed
    major: Symbol table
    minor: Object not found
  #009: /tmp/dcsrsoft/spack-stage/spack-stage-hdf5-1.14.3-xoz5chvya7pjhr2zsdzmsdmiyq4svi5v/spack-src/src/H5Gtraverse.c line 596 in H5G__traverse_real(): traversal operator failed
    major: Symbol table
    minor: Callback failed
  #010: /tmp/dcsrsoft/spack-stage/spack-stage-hdf5-1.14.3-xoz5chvya7pjhr2zsdzmsdmiyq4svi5v/spack-src/src/H5Lint.c line 537 in H5L__link_cb(): unable to create object
    major: Links
    minor: Unable to initialize object
  #011: /tmp/dcsrsoft/spack-stage/spack-stage-hdf5-1.14.3-xoz5chvya7pjhr2zsdzmsdmiyq4svi5v/spack-src/src/H5Oint.c line 2347 in H5O_obj_create(): unable to open object
    major: Object header
    minor: Can't open object
  #012: /tmp/dcsrsoft/spack-stage/spack-stage-hdf5-1.14.3-xoz5chvya7pjhr2zsdzmsdmiyq4svi5v/spack-src/src/H5Doh.c line 273 in H5O__dset_create(): unable to create dataset
    major: Dataset
    minor: Unable to initialize object
  #013: /tmp/dcsrsoft/spack-stage/spack-stage-hdf5-1.14.3-xoz5chvya7pjhr2zsdzmsdmiyq4svi5v/spack-src/src/H5Dint.c line 1245 in H5D__create(): filters can only be used with chunked layout
    major: Dataset
    minor: Bad value
HDF5-DIAG: Error detected in HDF5 (1.14.3) thread 0:
  #000: /tmp/dcsrsoft/spack-stage/spack-stage-hdf5-1.14.3-xoz5chvya7pjhr2zsdzmsdmiyq4svi5v/spack-src/src/H5D.c line 1371 in H5Dwrite(): can't synchronously write data
    major: Dataset
    minor: Write failed
  #001: /tmp/dcsrsoft/spack-stage/spack-stage-hdf5-1.14.3-xoz5chvya7pjhr2zsdzmsdmiyq4svi5v/spack-src/src/H5D.c line 1286 in H5D__write_api_common(): dset_id is not a dataset ID
    major: Invalid arguments to routine
    minor: Inappropriate type
HDF5-DIAG: Error detected in HDF5 (1.14.3) thread 0:
  #000: /tmp/dcsrsoft/spack-stage/spack-stage-hdf5-1.14.3-xoz5chvya7pjhr2zsdzmsdmiyq4svi5v/spack-src/src/H5D.c line 475 in H5Dclose(): not a dataset ID
    major: Invalid arguments to routine
    minor: Inappropriate type
HDF5-DIAG: Error detected in HDF5 (1.14.3) thread 0:
  #000: /tmp/dcsrsoft/spack-stage/spack-stage-hdf5-1.14.3-xoz5chvya7pjhr2zsdzmsdmiyq4svi5v/spack-src/src/H5Pdcpl.c line 1939 in H5Pset_chunk(): all chunk dimensions must be positive
    major: Invalid arguments to routine
    minor: Out of range
HDF5-DIAG: Error detected in HDF5 (1.14.3) thread 0:
  #000: /tmp/dcsrsoft/spack-stage/spack-stage-hdf5-1.14.3-xoz5chvya7pjhr2zsdzmsdmiyq4svi5v/spack-src/src/H5D.c line 187 in H5Dcreate2(): unable to synchronously create dataset
    major: Dataset
    minor: Unable to create file
  #001: /tmp/dcsrsoft/spack-stage/spack-stage-hdf5-1.14.3-xoz5chvya7pjhr2zsdzmsdmiyq4svi5v/spack-src/src/H5D.c line 135 in H5D__create_api_common(): unable to create dataset
    major: Dataset
    minor: Unable to create file
  #002: /tmp/dcsrsoft/spack-stage/spack-stage-hdf5-1.14.3-xoz5chvya7pjhr2zsdzmsdmiyq4svi5v/spack-src/src/H5VLcallback.c line 1876 in H5VL_dataset_create(): dataset create failed
    major: Virtual Object Layer
    minor: Unable to create file
  #003: /tmp/dcsrsoft/spack-stage/spack-stage-hdf5-1.14.3-xoz5chvya7pjhr2zsdzmsdmiyq4svi5v/spack-src/src/H5VLcallback.c line 1841 in H5VL__dataset_create(): dataset create failed
    major: Virtual Object Layer
    minor: Unable to create file
  #004: /tmp/dcsrsoft/spack-stage/spack-stage-hdf5-1.14.3-xoz5chvya7pjhr2zsdzmsdmiyq4svi5v/spack-src/src/H5VLnative_dataset.c line 281 in H5VL__native_dataset_create(): unable to create dataset
    major: Dataset
    minor: Unable to initialize object
  #005: /tmp/dcsrsoft/spack-stage/spack-stage-hdf5-1.14.3-xoz5chvya7pjhr2zsdzmsdmiyq4svi5v/spack-src/src/H5Dint.c line 350 in H5D__create_named(): unable to create and link to dataset
    major: Dataset
    minor: Unable to initialize object
  #006: /tmp/dcsrsoft/spack-stage/spack-stage-hdf5-1.14.3-xoz5chvya7pjhr2zsdzmsdmiyq4svi5v/spack-src/src/H5Lint.c line 492 in H5L_link_object(): unable to create new link to object
    major: Links
    minor: Unable to initialize object
  #007: /tmp/dcsrsoft/spack-stage/spack-stage-hdf5-1.14.3-xoz5chvya7pjhr2zsdzmsdmiyq4svi5v/spack-src/src/H5Lint.c line 729 in H5L__create_real(): can't insert link
    major: Links
    minor: Unable to insert object
  #008: /tmp/dcsrsoft/spack-stage/spack-stage-hdf5-1.14.3-xoz5chvya7pjhr2zsdzmsdmiyq4svi5v/spack-src/src/H5Gtraverse.c line 816 in H5G_traverse(): internal path traversal failed
    major: Symbol table
    minor: Object not found
  #009: /tmp/dcsrsoft/spack-stage/spack-stage-hdf5-1.14.3-xoz5chvya7pjhr2zsdzmsdmiyq4svi5v/spack-src/src/H5Gtraverse.c line 596 in H5G__traverse_real(): traversal operator failed
    major: Symbol table
    minor: Callback failed
  #010: /tmp/dcsrsoft/spack-stage/spack-stage-hdf5-1.14.3-xoz5chvya7pjhr2zsdzmsdmiyq4svi5v/spack-src/src/H5Lint.c line 537 in H5L__link_cb(): unable to create object
    major: Links
    minor: Unable to initialize object
  #011: /tmp/dcsrsoft/spack-stage/spack-stage-hdf5-1.14.3-xoz5chvya7pjhr2zsdzmsdmiyq4svi5v/spack-src/src/H5Oint.c line 2347 in H5O_obj_create(): unable to open object
    major: Object header
    minor: Can't open object
  #012: /tmp/dcsrsoft/spack-stage/spack-stage-hdf5-1.14.3-xoz5chvya7pjhr2zsdzmsdmiyq4svi5v/spack-src/src/H5Doh.c line 273 in H5O__dset_create(): unable to create dataset
    major: Dataset
    minor: Unable to initialize object
  #013: /tmp/dcsrsoft/spack-stage/spack-stage-hdf5-1.14.3-xoz5chvya7pjhr2zsdzmsdmiyq4svi5v/spack-src/src/H5Dint.c line 1245 in H5D__create(): filters can only be used with chunked layout
    major: Dataset
    minor: Bad value
HDF5-DIAG: Error detected in HDF5 (1.14.3) thread 0:
  #000: /tmp/dcsrsoft/spack-stage/spack-stage-hdf5-1.14.3-xoz5chvya7pjhr2zsdzmsdmiyq4svi5v/spack-src/src/H5D.c line 1371 in H5Dwrite(): can't synchronously write data
    major: Dataset
    minor: Write failed
  #001: /tmp/dcsrsoft/spack-stage/spack-stage-hdf5-1.14.3-xoz5chvya7pjhr2zsdzmsdmiyq4svi5v/spack-src/src/H5D.c line 1286 in H5D__write_api_common(): dset_id is not a dataset ID
    major: Invalid arguments to routine
    minor: Inappropriate type
HDF5-DIAG: Error detected in HDF5 (1.14.3) thread 0:
  #000: /tmp/dcsrsoft/spack-stage/spack-stage-hdf5-1.14.3-xoz5chvya7pjhr2zsdzmsdmiyq4svi5v/spack-src/src/H5D.c line 475 in H5Dclose(): not a dataset ID
    major: Invalid arguments to routine
    minor: Inappropriate type
HDF5-DIAG: Error detected in HDF5 (1.14.3) thread 0:
  #000: /tmp/dcsrsoft/spack-stage/spack-stage-hdf5-1.14.3-xoz5chvya7pjhr2zsdzmsdmiyq4svi5v/spack-src/src/H5Pdcpl.c line 1939 in H5Pset_chunk(): all chunk dimensions must be positive
    major: Invalid arguments to routine
    minor: Out of range
HDF5-DIAG: Error detected in HDF5 (1.14.3) thread 0:
  #000: /tmp/dcsrsoft/spack-stage/spack-stage-hdf5-1.14.3-xoz5chvya7pjhr2zsdzmsdmiyq4svi5v/spack-src/src/H5D.c line 187 in H5Dcreate2(): unable to synchronously create dataset
    major: Dataset
    minor: Unable to create file
  #001: /tmp/dcsrsoft/spack-stage/spack-stage-hdf5-1.14.3-xoz5chvya7pjhr2zsdzmsdmiyq4svi5v/spack-src/src/H5D.c line 135 in H5D__create_api_common(): unable to create dataset
    major: Dataset
    minor: Unable to create file
  #002: /tmp/dcsrsoft/spack-stage/spack-stage-hdf5-1.14.3-xoz5chvya7pjhr2zsdzmsdmiyq4svi5v/spack-src/src/H5VLcallback.c line 1876 in H5VL_dataset_create(): dataset create failed
    major: Virtual Object Layer
    minor: Unable to create file
  #003: /tmp/dcsrsoft/spack-stage/spack-stage-hdf5-1.14.3-xoz5chvya7pjhr2zsdzmsdmiyq4svi5v/spack-src/src/H5VLcallback.c line 1841 in H5VL__dataset_create(): dataset create failed
    major: Virtual Object Layer
    minor: Unable to create file
  #004: /tmp/dcsrsoft/spack-stage/spack-stage-hdf5-1.14.3-xoz5chvya7pjhr2zsdzmsdmiyq4svi5v/spack-src/src/H5VLnative_dataset.c line 281 in H5VL__native_dataset_create(): unable to create dataset
    major: Dataset
    minor: Unable to initialize object
  #005: /tmp/dcsrsoft/spack-stage/spack-stage-hdf5-1.14.3-xoz5chvya7pjhr2zsdzmsdmiyq4svi5v/spack-src/src/H5Dint.c line 350 in H5D__create_named(): unable to create and link to dataset
    major: Dataset
    minor: Unable to initialize object
  #006: /tmp/dcsrsoft/spack-stage/spack-stage-hdf5-1.14.3-xoz5chvya7pjhr2zsdzmsdmiyq4svi5v/spack-src/src/H5Lint.c line 492 in H5L_link_object(): unable to create new link to object
    major: Links
    minor: Unable to initialize object
  #007: /tmp/dcsrsoft/spack-stage/spack-stage-hdf5-1.14.3-xoz5chvya7pjhr2zsdzmsdmiyq4svi5v/spack-src/src/H5Lint.c line 729 in H5L__create_real(): can't insert link
    major: Links
    minor: Unable to insert object
  #008: /tmp/dcsrsoft/spack-stage/spack-stage-hdf5-1.14.3-xoz5chvya7pjhr2zsdzmsdmiyq4svi5v/spack-src/src/H5Gtraverse.c line 816 in H5G_traverse(): internal path traversal failed
    major: Symbol table
    minor: Object not found
  #009: /tmp/dcsrsoft/spack-stage/spack-stage-hdf5-1.14.3-xoz5chvya7pjhr2zsdzmsdmiyq4svi5v/spack-src/src/H5Gtraverse.c line 596 in H5G__traverse_real(): traversal operator failed
    major: Symbol table
    minor: Callback failed
  #010: /tmp/dcsrsoft/spack-stage/spack-stage-hdf5-1.14.3-xoz5chvya7pjhr2zsdzmsdmiyq4svi5v/spack-src/src/H5Lint.c line 537 in H5L__link_cb(): unable to create object
    major: Links
    minor: Unable to initialize object
  #011: /tmp/dcsrsoft/spack-stage/spack-stage-hdf5-1.14.3-xoz5chvya7pjhr2zsdzmsdmiyq4svi5v/spack-src/src/H5Oint.c line 2347 in H5O_obj_create(): unable to open object
    major: Object header
    minor: Can't open object
  #012: /tmp/dcsrsoft/spack-stage/spack-stage-hdf5-1.14.3-xoz5chvya7pjhr2zsdzmsdmiyq4svi5v/spack-src/src/H5Doh.c line 273 in H5O__dset_create(): unable to create dataset
    major: Dataset
    minor: Unable to initialize object
  #013: /tmp/dcsrsoft/spack-stage/spack-stage-hdf5-1.14.3-xoz5chvya7pjhr2zsdzmsdmiyq4svi5v/spack-src/src/H5Dint.c line 1245 in H5D__create(): filters can only be used with chunked layout
    major: Dataset
    minor: Bad value
HDF5-DIAG: Error detected in HDF5 (1.14.3) thread 0:
  #000: /tmp/dcsrsoft/spack-stage/spack-stage-hdf5-1.14.3-xoz5chvya7pjhr2zsdzmsdmiyq4svi5v/spack-src/src/H5D.c line 1371 in H5Dwrite(): can't synchronously write data
    major: Dataset
    minor: Write failed
  #001: /tmp/dcsrsoft/spack-stage/spack-stage-hdf5-1.14.3-xoz5chvya7pjhr2zsdzmsdmiyq4svi5v/spack-src/src/H5D.c line 1286 in H5D__write_api_common(): dset_id is not a dataset ID
    major: Invalid arguments to routine
    minor: Inappropriate type
HDF5-DIAG: Error detected in HDF5 (1.14.3) thread 0:
  #000: /tmp/dcsrsoft/spack-stage/spack-stage-hdf5-1.14.3-xoz5chvya7pjhr2zsdzmsdmiyq4svi5v/spack-src/src/H5D.c line 475 in H5Dclose(): not a dataset ID
    major: Invalid arguments to routine
    minor: Inappropriate type
HDF5-DIAG: Error detected in HDF5 (1.14.3) thread 0:
  #000: /tmp/dcsrsoft/spack-stage/spack-stage-hdf5-1.14.3-xoz5chvya7pjhr2zsdzmsdmiyq4svi5v/spack-src/src/H5Pdcpl.c line 1939 in H5Pset_chunk(): all chunk dimensions must be positive
    major: Invalid arguments to routine
    minor: Out of range
HDF5-DIAG: Error detected in HDF5 (1.14.3) thread 0:
  #000: /tmp/dcsrsoft/spack-stage/spack-stage-hdf5-1.14.3-xoz5chvya7pjhr2zsdzmsdmiyq4svi5v/spack-src/src/H5D.c line 187 in H5Dcreate2(): unable to synchronously create dataset
    major: Dataset
    minor: Unable to create file
  #001: /tmp/dcsrsoft/spack-stage/spack-stage-hdf5-1.14.3-xoz5chvya7pjhr2zsdzmsdmiyq4svi5v/spack-src/src/H5D.c line 135 in H5D__create_api_common(): unable to create dataset
    major: Dataset
    minor: Unable to create file
  #002: /tmp/dcsrsoft/spack-stage/spack-stage-hdf5-1.14.3-xoz5chvya7pjhr2zsdzmsdmiyq4svi5v/spack-src/src/H5VLcallback.c line 1876 in H5VL_dataset_create(): dataset create failed
    major: Virtual Object Layer
    minor: Unable to create file
  #003: /tmp/dcsrsoft/spack-stage/spack-stage-hdf5-1.14.3-xoz5chvya7pjhr2zsdzmsdmiyq4svi5v/spack-src/src/H5VLcallback.c line 1841 in H5VL__dataset_create(): dataset create failed
    major: Virtual Object Layer
    minor: Unable to create file
  #004: /tmp/dcsrsoft/spack-stage/spack-stage-hdf5-1.14.3-xoz5chvya7pjhr2zsdzmsdmiyq4svi5v/spack-src/src/H5VLnative_dataset.c line 281 in H5VL__native_dataset_create(): unable to create dataset
    major: Dataset
    minor: Unable to initialize object
  #005: /tmp/dcsrsoft/spack-stage/spack-stage-hdf5-1.14.3-xoz5chvya7pjhr2zsdzmsdmiyq4svi5v/spack-src/src/H5Dint.c line 350 in H5D__create_named(): unable to create and link to dataset
    major: Dataset
    minor: Unable to initialize object
  #006: /tmp/dcsrsoft/spack-stage/spack-stage-hdf5-1.14.3-xoz5chvya7pjhr2zsdzmsdmiyq4svi5v/spack-src/src/H5Lint.c line 492 in H5L_link_object(): unable to create new link to object
    major: Links
    minor: Unable to initialize object
  #007: /tmp/dcsrsoft/spack-stage/spack-stage-hdf5-1.14.3-xoz5chvya7pjhr2zsdzmsdmiyq4svi5v/spack-src/src/H5Lint.c line 729 in H5L__create_real(): can't insert link
    major: Links
    minor: Unable to insert object
  #008: /tmp/dcsrsoft/spack-stage/spack-stage-hdf5-1.14.3-xoz5chvya7pjhr2zsdzmsdmiyq4svi5v/spack-src/src/H5Gtraverse.c line 816 in H5G_traverse(): internal path traversal failed
    major: Symbol table
    minor: Object not found
  #009: /tmp/dcsrsoft/spack-stage/spack-stage-hdf5-1.14.3-xoz5chvya7pjhr2zsdzmsdmiyq4svi5v/spack-src/src/H5Gtraverse.c line 596 in H5G__traverse_real(): traversal operator failed
    major: Symbol table
    minor: Callback failed
  #010: /tmp/dcsrsoft/spack-stage/spack-stage-hdf5-1.14.3-xoz5chvya7pjhr2zsdzmsdmiyq4svi5v/spack-src/src/H5Lint.c line 537 in H5L__link_cb(): unable to create object
    major: Links
    minor: Unable to initialize object
  #011: /tmp/dcsrsoft/spack-stage/spack-stage-hdf5-1.14.3-xoz5chvya7pjhr2zsdzmsdmiyq4svi5v/spack-src/src/H5Oint.c line 2347 in H5O_obj_create(): unable to open object
    major: Object header
    minor: Can't open object
  #012: /tmp/dcsrsoft/spack-stage/spack-stage-hdf5-1.14.3-xoz5chvya7pjhr2zsdzmsdmiyq4svi5v/spack-src/src/H5Doh.c line 273 in H5O__dset_create(): unable to create dataset
    major: Dataset
    minor: Unable to initialize object
  #013: /tmp/dcsrsoft/spack-stage/spack-stage-hdf5-1.14.3-xoz5chvya7pjhr2zsdzmsdmiyq4svi5v/spack-src/src/H5Dint.c line 1245 in H5D__create(): filters can only be used with chunked layout
    major: Dataset
    minor: Bad value
HDF5-DIAG: Error detected in HDF5 (1.14.3) thread 0:
  #000: /tmp/dcsrsoft/spack-stage/spack-stage-hdf5-1.14.3-xoz5chvya7pjhr2zsdzmsdmiyq4svi5v/spack-src/src/H5D.c line 1371 in H5Dwrite(): can't synchronously write data
    major: Dataset
    minor: Write failed
  #001: /tmp/dcsrsoft/spack-stage/spack-stage-hdf5-1.14.3-xoz5chvya7pjhr2zsdzmsdmiyq4svi5v/spack-src/src/H5D.c line 1286 in H5D__write_api_common(): dset_id is not a dataset ID
    major: Invalid arguments to routine
    minor: Inappropriate type
HDF5-DIAG: Error detected in HDF5 (1.14.3) thread 0:
  #000: /tmp/dcsrsoft/spack-stage/spack-stage-hdf5-1.14.3-xoz5chvya7pjhr2zsdzmsdmiyq4svi5v/spack-src/src/H5D.c line 475 in H5Dclose(): not a dataset ID
    major: Invalid arguments to routine
    minor: Inappropriate type
[~warn] Warning, zero reads pseudoaligned check your input files and index

